[0.046s] Invoking command in '/home/xionggu/cx_moveit_test/cx_moveit2/ws_moveit/build/cr7_robot_controller': CMAKE_PREFIX_PATH=${CMAKE_PREFIX_PATH}:/home/xionggu/moveit2_ws/install/moveit_configs_utils:/home/xionggu/moveit2_ws/install/launch_param_builder:/home/xionggu/dobot_ws_test/install/servo_action:/home/xionggu/dobot_ws_test/install/dobot_moveit:/home/xionggu/dobot_ws_test/install/dobot_demo:/opt/ros/humble HISTTIMEFORMAT= %F %T /usr/bin/cmake --build /home/xionggu/cx_moveit_test/cx_moveit2/ws_moveit/build/cr7_robot_controller -- -j8 -l8
[0.177s] [35m[1mConsolidate compiler generated dependencies of target cr7_controller[0m
[0.275s] [ 28%] [32mBuilding CXX object CMakeFiles/cr7_controller.dir/src/path/cr7_path_executor.cpp.o[0m
[0.277s] [ 42%] [32mBuilding CXX object CMakeFiles/cr7_controller.dir/src/main.cpp.o[0m
[0.277s] [ 42%] [32mBuilding CXX object CMakeFiles/cr7_controller.dir/src/cr7_robot_controller.cpp.o[0m
[4.657s] In file included from [01m[K/home/xionggu/cx_moveit_test/cx_moveit2/ws_moveit/src/cr7_robot_controller/include/cr7_robot_controller/cr7_robot_controller.hpp:25[m[K,
[4.657s]                  from [01m[K/home/xionggu/cx_moveit_test/cx_moveit2/ws_moveit/src/cr7_robot_controller/src/main.cpp:19[m[K:
[4.657s] [01m[K/home/xionggu/cx_moveit_test/cx_moveit2/ws_moveit/src/cr7_robot_controller/include/cr7_robot_controller/path/cr7_path_executor.hpp:52:29:[m[K [01;31m[Kerror: [m[K‚Äò[01m[KMoveGroupInterface[m[K‚Äô in namespace ‚Äò[01m[Kmoveit::core[m[K‚Äô does not name a type
[4.657s]    52 |         const moveit::core::[01;31m[KMoveGroupInterface[m[K::SharedPtr move_group,
[4.657s]       |                             [01;31m[K^~~~~~~~~~~~~~~~~~[m[K
[4.657s] [01m[K/home/xionggu/cx_moveit_test/cx_moveit2/ws_moveit/src/cr7_robot_controller/include/cr7_robot_controller/path/cr7_path_executor.hpp:52:59:[m[K [01;31m[Kerror: [m[Kexpected unqualified-id before ‚Äò[01m[Kmove_group[m[K‚Äô
[4.658s]    52 |         const moveit::core::MoveGroupInterface::SharedPtr [01;31m[Kmove_group[m[K,
[4.658s]       |                                                           [01;31m[K^~~~~~~~~~[m[K
[4.658s] [01m[K/home/xionggu/cx_moveit_test/cx_moveit2/ws_moveit/src/cr7_robot_controller/include/cr7_robot_controller/path/cr7_path_executor.hpp:52:58:[m[K [01;31m[Kerror: [m[Kexpected ‚Äò[01m[K)[m[K‚Äô before ‚Äò[01m[Kmove_group[m[K‚Äô
[4.658s]    52 |         const moveit::core::MoveGroupInterface::SharedPtr[01;31m[K [m[K[32m[Kmove_group[m[K,
[4.658s]       |                                                          [01;31m[K^[m[K[32m[K~~~~~~~~~~[m[K
[4.658s]       |                                                          [32m[K)[m[K
[4.658s] [01m[K/home/xionggu/cx_moveit_test/cx_moveit2/ws_moveit/src/cr7_robot_controller/include/cr7_robot_controller/path/cr7_path_executor.hpp:49:20:[m[K [01;36m[Knote: [m[Kto match this ‚Äò[01m[K([m[K‚Äô
[4.658s]    49 |     CR7PathExecutor[01;36m[K([m[K
[4.658s]       |                    [01;36m[K^[m[K
[4.658s] [01m[K/home/xionggu/cx_moveit_test/cx_moveit2/ws_moveit/src/cr7_robot_controller/include/cr7_robot_controller/path/cr7_path_executor.hpp:52:49:[m[K [01;31m[Kerror: [m[Kexpected ‚Äò[01m[K;[m[K‚Äô at end of member declaration
[4.658s]    52 |         const moveit::core::MoveGroupInterface::[01;31m[KSharedPtr[m[K move_group,
[4.658s]       |                                                 [01;31m[K^~~~~~~~~[m[K
[4.658s]       |                                                          [32m[K;[m[K
[4.661s] In file included from [01m[K/home/xionggu/cx_moveit_test/cx_moveit2/ws_moveit/src/cr7_robot_controller/src/path/cr7_path_executor.cpp:11[m[K:
[4.661s] [01m[K/home/xionggu/cx_moveit_test/cx_moveit2/ws_moveit/src/cr7_robot_controller/include/cr7_robot_controller/path/cr7_path_executor.hpp:52:29:[m[K [01;31m[Kerror: [m[K‚Äò[01m[KMoveGroupInterface[m[K‚Äô in namespace ‚Äò[01m[Kmoveit::core[m[K‚Äô does not name a type
[4.661s]    52 |         const moveit::core::[01;31m[KMoveGroupInterface[m[K::SharedPtr move_group,
[4.661s]       |                             [01;31m[K^~~~~~~~~~~~~~~~~~[m[K
[4.661s] [01m[K/home/xionggu/cx_moveit_test/cx_moveit2/ws_moveit/src/cr7_robot_controller/include/cr7_robot_controller/path/cr7_path_executor.hpp:52:59:[m[K [01;31m[Kerror: [m[Kexpected unqualified-id before ‚Äò[01m[Kmove_group[m[K‚Äô
[4.661s]    52 |         const moveit::core::MoveGroupInterface::SharedPtr [01;31m[Kmove_group[m[K,
[4.661s]       |                                                           [01;31m[K^~~~~~~~~~[m[K
[4.661s] [01m[K/home/xionggu/cx_moveit_test/cx_moveit2/ws_moveit/src/cr7_robot_controller/include/cr7_robot_controller/path/cr7_path_executor.hpp:52:58:[m[K [01;31m[Kerror: [m[Kexpected ‚Äò[01m[K)[m[K‚Äô before ‚Äò[01m[Kmove_group[m[K‚Äô
[4.661s]    52 |         const moveit::core::MoveGroupInterface::SharedPtr[01;31m[K [m[K[32m[Kmove_group[m[K,
[4.661s]       |                                                          [01;31m[K^[m[K[32m[K~~~~~~~~~~[m[K
[4.661s]       |                                                          [32m[K)[m[K
[4.661s] [01m[K/home/xionggu/cx_moveit_test/cx_moveit2/ws_moveit/src/cr7_robot_controller/include/cr7_robot_controller/path/cr7_path_executor.hpp:49:20:[m[K [01;36m[Knote: [m[Kto match this ‚Äò[01m[K([m[K‚Äô
[4.661s]    49 |     CR7PathExecutor[01;36m[K([m[K
[4.661s]       |                    [01;36m[K^[m[K
[4.661s] [01m[K/home/xionggu/cx_moveit_test/cx_moveit2/ws_moveit/src/cr7_robot_controller/include/cr7_robot_controller/path/cr7_path_executor.hpp:52:49:[m[K [01;31m[Kerror: [m[Kexpected ‚Äò[01m[K;[m[K‚Äô at end of member declaration
[4.661s]    52 |         const moveit::core::MoveGroupInterface::[01;31m[KSharedPtr[m[K move_group,
[4.662s]       |                                                 [01;31m[K^~~~~~~~~[m[K
[4.662s]       |                                                          [32m[K;[m[K
[4.663s] [01m[K/home/xionggu/cx_moveit_test/cx_moveit2/ws_moveit/src/cr7_robot_controller/include/cr7_robot_controller/path/cr7_path_executor.hpp:52:59:[m[K [01;31m[Kerror: [m[K‚Äò[01m[Kmove_group[m[K‚Äô does not name a type
[4.663s]    52 |         const moveit::core::MoveGroupInterface::SharedPtr [01;31m[Kmove_group[m[K,
[4.663s]       |                                                           [01;31m[K^~~~~~~~~~[m[K
[4.666s] [01m[K/home/xionggu/cx_moveit_test/cx_moveit2/ws_moveit/src/cr7_robot_controller/include/cr7_robot_controller/path/cr7_path_executor.hpp:52:59:[m[K [01;31m[Kerror: [m[K‚Äò[01m[Kmove_group[m[K‚Äô does not name a type
[4.666s]    52 |         const moveit::core::MoveGroupInterface::SharedPtr [01;31m[Kmove_group[m[K,
[4.666s]       |                                                           [01;31m[K^~~~~~~~~~[m[K
[4.673s] [01m[K/home/xionggu/cx_moveit_test/cx_moveit2/ws_moveit/src/cr7_robot_controller/src/path/cr7_path_executor.cpp:31:25:[m[K [01;31m[Kerror: [m[K‚Äò[01m[KMoveGroupInterface[m[K‚Äô in namespace ‚Äò[01m[Kmoveit::core[m[K‚Äô does not name a type
[4.673s]    31 |     const moveit::core::[01;31m[KMoveGroupInterface[m[K::SharedPtr move_group,
[4.673s]       |                         [01;31m[K^~~~~~~~~~~~~~~~~~[m[K
[4.673s] [01m[K/home/xionggu/cx_moveit_test/cx_moveit2/ws_moveit/src/cr7_robot_controller/src/path/cr7_path_executor.cpp:31:55:[m[K [01;31m[Kerror: [m[Kexpected unqualified-id before ‚Äò[01m[Kmove_group[m[K‚Äô
[4.673s]    31 |     const moveit::core::MoveGroupInterface::SharedPtr [01;31m[Kmove_group[m[K,
[4.673s]       |                                                       [01;31m[K^~~~~~~~~~[m[K
[4.673s] [01m[K/home/xionggu/cx_moveit_test/cx_moveit2/ws_moveit/src/cr7_robot_controller/src/path/cr7_path_executor.cpp:31:54:[m[K [01;31m[Kerror: [m[Kexpected ‚Äò[01m[K)[m[K‚Äô before ‚Äò[01m[Kmove_group[m[K‚Äô
[4.673s]    31 |     const moveit::core::MoveGroupInterface::SharedPtr[01;31m[K [m[K[32m[Kmove_group[m[K,
[4.673s]       |                                                      [01;31m[K^[m[K[32m[K~~~~~~~~~~[m[K
[4.673s]       |                                                      [32m[K)[m[K
[4.673s] [01m[K/home/xionggu/cx_moveit_test/cx_moveit2/ws_moveit/src/cr7_robot_controller/src/path/cr7_path_executor.cpp:28:33:[m[K [01;36m[Knote: [m[Kto match this ‚Äò[01m[K([m[K‚Äô
[4.673s]    28 | CR7PathExecutor::CR7PathExecutor[01;36m[K([m[K
[4.673s]       |                                 [01;36m[K^[m[K
[4.673s] [01m[K/home/xionggu/cx_moveit_test/cx_moveit2/ws_moveit/src/cr7_robot_controller/src/path/cr7_path_executor.cpp:31:55:[m[K [01;31m[Kerror: [m[Kexpected initializer before ‚Äò[01m[Kmove_group[m[K‚Äô
[4.673s]    31 |     const moveit::core::MoveGroupInterface::SharedPtr [01;31m[Kmove_group[m[K,
[4.673s]       |                                                       [01;31m[K^~~~~~~~~~[m[K
[4.678s] In file included from [01m[K/home/xionggu/cx_moveit_test/cx_moveit2/ws_moveit/src/cr7_robot_controller/include/cr7_robot_controller/cr7_robot_controller.hpp:25[m[K,
[4.678s]                  from [01m[K/home/xionggu/cx_moveit_test/cx_moveit2/ws_moveit/src/cr7_robot_controller/src/cr7_robot_controller.cpp:16[m[K:
[4.678s] [01m[K/home/xionggu/cx_moveit_test/cx_moveit2/ws_moveit/src/cr7_robot_controller/include/cr7_robot_controller/path/cr7_path_executor.hpp:52:29:[m[K [01;31m[Kerror: [m[K‚Äò[01m[KMoveGroupInterface[m[K‚Äô in namespace ‚Äò[01m[Kmoveit::core[m[K‚Äô does not name a type
[4.678s]    52 |         const moveit::core::[01;31m[KMoveGroupInterface[m[K::SharedPtr move_group,
[4.678s]       |                             [01;31m[K^~~~~~~~~~~~~~~~~~[m[K
[4.678s] [01m[K/home/xionggu/cx_moveit_test/cx_moveit2/ws_moveit/src/cr7_robot_controller/include/cr7_robot_controller/path/cr7_path_executor.hpp:52:59:[m[K [01;31m[Kerror: [m[Kexpected unqualified-id before ‚Äò[01m[Kmove_group[m[K‚Äô
[4.678s]    52 |         const moveit::core::MoveGroupInterface::SharedPtr [01;31m[Kmove_group[m[K,
[4.678s]       |                                                           [01;31m[K^~~~~~~~~~[m[K
[4.678s] [01m[K/home/xionggu/cx_moveit_test/cx_moveit2/ws_moveit/src/cr7_robot_controller/include/cr7_robot_controller/path/cr7_path_executor.hpp:52:58:[m[K [01;31m[Kerror: [m[Kexpected ‚Äò[01m[K)[m[K‚Äô before ‚Äò[01m[Kmove_group[m[K‚Äô
[4.678s]    52 |         const moveit::core::MoveGroupInterface::SharedPtr[01;31m[K [m[K[32m[Kmove_group[m[K,
[4.678s]       |                                                          [01;31m[K^[m[K[32m[K~~~~~~~~~~[m[K
[4.678s]       |                                                          [32m[K)[m[K
[4.678s] [01m[K/home/xionggu/cx_moveit_test/cx_moveit2/ws_moveit/src/cr7_robot_controller/include/cr7_robot_controller/path/cr7_path_executor.hpp:49:20:[m[K [01;36m[Knote: [m[Kto match this ‚Äò[01m[K([m[K‚Äô
[4.678s]    49 |     CR7PathExecutor[01;36m[K([m[K
[4.679s]       |                    [01;36m[K^[m[K
[4.679s] [01m[K/home/xionggu/cx_moveit_test/cx_moveit2/ws_moveit/src/cr7_robot_controller/include/cr7_robot_controller/path/cr7_path_executor.hpp:52:49:[m[K [01;31m[Kerror: [m[Kexpected ‚Äò[01m[K;[m[K‚Äô at end of member declaration
[4.679s]    52 |         const moveit::core::MoveGroupInterface::[01;31m[KSharedPtr[m[K move_group,
[4.679s]       |                                                 [01;31m[K^~~~~~~~~[m[K
[4.679s]       |                                                          [32m[K;[m[K
[4.682s] [01m[K/home/xionggu/cx_moveit_test/cx_moveit2/ws_moveit/src/cr7_robot_controller/include/cr7_robot_controller/path/cr7_path_executor.hpp:52:59:[m[K [01;31m[Kerror: [m[K‚Äò[01m[Kmove_group[m[K‚Äô does not name a type
[4.682s]    52 |         const moveit::core::MoveGroupInterface::SharedPtr [01;31m[Kmove_group[m[K,
[4.682s]       |                                                           [01;31m[K^~~~~~~~~~[m[K
[6.836s] gmake[2]: *** [CMakeFiles/cr7_controller.dir/build.make:76ÔºöCMakeFiles/cr7_controller.dir/src/cr7_robot_controller.cpp.o] ÈîôËØØ 1
[6.836s] gmake[2]: *** Ê≠£Âú®Á≠âÂæÖÊú™ÂÆåÊàêÁöÑ‰ªªÂä°....
[6.874s] gmake[2]: *** [CMakeFiles/cr7_controller.dir/build.make:146ÔºöCMakeFiles/cr7_controller.dir/src/main.cpp.o] ÈîôËØØ 1
[6.912s] gmake[2]: *** [CMakeFiles/cr7_controller.dir/build.make:132ÔºöCMakeFiles/cr7_controller.dir/src/path/cr7_path_executor.cpp.o] ÈîôËØØ 1
[6.912s] gmake[1]: *** [CMakeFiles/Makefile2:137ÔºöCMakeFiles/cr7_controller.dir/all] ÈîôËØØ 2
[6.912s] gmake: *** [Makefile:146Ôºöall] ÈîôËØØ 2
[6.915s] Invoked command in '/home/xionggu/cx_moveit_test/cx_moveit2/ws_moveit/build/cr7_robot_controller' returned '2': CMAKE_PREFIX_PATH=${CMAKE_PREFIX_PATH}:/home/xionggu/moveit2_ws/install/moveit_configs_utils:/home/xionggu/moveit2_ws/install/launch_param_builder:/home/xionggu/dobot_ws_test/install/servo_action:/home/xionggu/dobot_ws_test/install/dobot_moveit:/home/xionggu/dobot_ws_test/install/dobot_demo:/opt/ros/humble HISTTIMEFORMAT= %F %T /usr/bin/cmake --build /home/xionggu/cx_moveit_test/cx_moveit2/ws_moveit/build/cr7_robot_controller -- -j8 -l8
