[35m[1mConsolidate compiler generated dependencies of target cr7_controller[0m
[ 14%] [32mBuilding CXX object CMakeFiles/cr7_controller.dir/src/path/cr7_path_executor.cpp.o[0m
[01m[K/home/xionggu/cx_moveit_test/cx_moveit2/ws_moveit/src/cr7_robot_controller/src/path/cr7_path_executor.cpp:181:40:[m[K [01;31m[Kerror: [m[Kno declaration matches â€˜[01m[Kstd::vector<cr7_controller::CR7BaseController::Result> cr7_controller::CR7PathExecutor::executeToolAxis()[m[Kâ€™
  181 | std::vector<CR7BaseController::Result> [01;31m[KCR7PathExecutor[m[K::executeToolAxis()
      |                                        [01;31m[K^~~~~~~~~~~~~~~[m[K
In file included from [01m[K/home/xionggu/cx_moveit_test/cx_moveit2/ws_moveit/src/cr7_robot_controller/src/path/cr7_path_executor.cpp:11[m[K:
[01m[K/home/xionggu/cx_moveit_test/cx_moveit2/ws_moveit/src/cr7_robot_controller/include/cr7_robot_controller/path/cr7_path_executor.hpp:90:12:[m[K [01;36m[Knote: [m[Kcandidate is: â€˜[01m[Kcr7_controller::CR7BaseController::Result cr7_controller::CR7PathExecutor::executeToolAxis()[m[Kâ€™
   90 |     Result [01;36m[KexecuteToolAxis[m[K();
      |            [01;36m[K^~~~~~~~~~~~~~~[m[K
[01m[K/home/xionggu/cx_moveit_test/cx_moveit2/ws_moveit/src/cr7_robot_controller/include/cr7_robot_controller/path/cr7_path_executor.hpp:40:7:[m[K [01;36m[Knote: [m[Kâ€˜[01m[Kclass cr7_controller::CR7PathExecutor[m[Kâ€™ defined here
   40 | class [01;36m[KCR7PathExecutor[m[K : public CR7BaseController {
      |       [01;36m[K^~~~~~~~~~~~~~~[m[K
gmake[2]: *** [CMakeFiles/cr7_controller.dir/build.make:132ï¼šCMakeFiles/cr7_controller.dir/src/path/cr7_path_executor.cpp.o] é”™è¯¯ 1
gmake[1]: *** [CMakeFiles/Makefile2:137ï¼šCMakeFiles/cr7_controller.dir/all] é”™è¯¯ 2
gmake: *** [Makefile:146ï¼šall] é”™è¯¯ 2
