[0.052s] Invoking command in '/home/xionggu/cx_moveit_test/cx_moveit2/ws_moveit/build/cr7_robot_controller': CMAKE_PREFIX_PATH=${CMAKE_PREFIX_PATH}:/home/xionggu/moveit2_ws/install/moveit_configs_utils:/home/xionggu/moveit2_ws/install/launch_param_builder:/home/xionggu/dobot_ws_test/install/servo_action:/home/xionggu/dobot_ws_test/install/dobot_moveit:/home/xionggu/dobot_ws_test/install/dobot_demo:/opt/ros/humble HISTTIMEFORMAT= %F %T /usr/bin/cmake --build /home/xionggu/cx_moveit_test/cx_moveit2/ws_moveit/build/cr7_robot_controller -- -j8 -l8
[0.213s] [35m[1mConsolidate compiler generated dependencies of target cr7_controller[0m
[0.321s] [ 14%] [32mBuilding CXX object CMakeFiles/cr7_controller.dir/src/path/cr7_path_executor.cpp.o[0m
[4.372s] [01m[K/home/xionggu/cx_moveit_test/cx_moveit2/ws_moveit/src/cr7_robot_controller/src/path/cr7_path_executor.cpp:181:40:[m[K [01;31m[Kerror: [m[Kno declaration matches â€˜[01m[Kstd::vector<cr7_controller::CR7BaseController::Result> cr7_controller::CR7PathExecutor::executeToolAxis()[m[Kâ€™
[4.372s]   181 | std::vector<CR7BaseController::Result> [01;31m[KCR7PathExecutor[m[K::executeToolAxis()
[4.372s]       |                                        [01;31m[K^~~~~~~~~~~~~~~[m[K
[4.372s] In file included from [01m[K/home/xionggu/cx_moveit_test/cx_moveit2/ws_moveit/src/cr7_robot_controller/src/path/cr7_path_executor.cpp:11[m[K:
[4.372s] [01m[K/home/xionggu/cx_moveit_test/cx_moveit2/ws_moveit/src/cr7_robot_controller/include/cr7_robot_controller/path/cr7_path_executor.hpp:90:12:[m[K [01;36m[Knote: [m[Kcandidate is: â€˜[01m[Kcr7_controller::CR7BaseController::Result cr7_controller::CR7PathExecutor::executeToolAxis()[m[Kâ€™
[4.372s]    90 |     Result [01;36m[KexecuteToolAxis[m[K();
[4.372s]       |            [01;36m[K^~~~~~~~~~~~~~~[m[K
[4.372s] [01m[K/home/xionggu/cx_moveit_test/cx_moveit2/ws_moveit/src/cr7_robot_controller/include/cr7_robot_controller/path/cr7_path_executor.hpp:40:7:[m[K [01;36m[Knote: [m[Kâ€˜[01m[Kclass cr7_controller::CR7PathExecutor[m[Kâ€™ defined here
[4.372s]    40 | class [01;36m[KCR7PathExecutor[m[K : public CR7BaseController {
[4.372s]       |       [01;36m[K^~~~~~~~~~~~~~~[m[K
[6.441s] gmake[2]: *** [CMakeFiles/cr7_controller.dir/build.make:132ï¼šCMakeFiles/cr7_controller.dir/src/path/cr7_path_executor.cpp.o] é”™è¯¯ 1
[6.441s] gmake[1]: *** [CMakeFiles/Makefile2:137ï¼šCMakeFiles/cr7_controller.dir/all] é”™è¯¯ 2
[6.444s] gmake: *** [Makefile:146ï¼šall] é”™è¯¯ 2
[6.445s] Invoked command in '/home/xionggu/cx_moveit_test/cx_moveit2/ws_moveit/build/cr7_robot_controller' returned '2': CMAKE_PREFIX_PATH=${CMAKE_PREFIX_PATH}:/home/xionggu/moveit2_ws/install/moveit_configs_utils:/home/xionggu/moveit2_ws/install/launch_param_builder:/home/xionggu/dobot_ws_test/install/servo_action:/home/xionggu/dobot_ws_test/install/dobot_moveit:/home/xionggu/dobot_ws_test/install/dobot_demo:/opt/ros/humble HISTTIMEFORMAT= %F %T /usr/bin/cmake --build /home/xionggu/cx_moveit_test/cx_moveit2/ws_moveit/build/cr7_robot_controller -- -j8 -l8
