[01m[K/home/xionggu/cx_moveit/ws_moveit/src/cr7_robot_controller/src/cr7_robot_controller.cpp:[m[K In member function â€˜[01m[Kbool cr7_controller::CR7RobotController::preprocessWaypoints(const std::vector<cr7_controller::Waypoint>&, std::vector<geometry_msgs::msg::Pose_<std::allocator<void> > >&, const cr7_controller::CR7RobotController::CartesianPathConfig&)[m[Kâ€™:
[01m[K/home/xionggu/cx_moveit/ws_moveit/src/cr7_robot_controller/src/cr7_robot_controller.cpp:491:22:[m[K [01;31m[Kerror: [m[Kâ€˜[01m[KinsertIntermediatePointsLimited[m[Kâ€™ was not declared in this scope; did you mean â€˜[01m[KinsertIntermediatePoints[m[Kâ€™?
  491 |                 if (![01;31m[KinsertIntermediatePointsLimited[m[K(prev_pose, pose, output_poses,
      |                      [01;31m[K^~~~~~~~~~~~~~~~~~~~~~~~~~~~~~~[m[K
      |                      [32m[KinsertIntermediatePoints[m[K
[01m[K/home/xionggu/cx_moveit/ws_moveit/src/cr7_robot_controller/src/cr7_robot_controller.cpp:518:9:[m[K [01;31m[Kerror: [m[Kâ€˜[01m[KsimplifyPath[m[Kâ€™ was not declared in this scope
  518 |         [01;31m[KsimplifyPath[m[K(output_poses, 30); // ç®€åŒ–åˆ°æœ€å¤š30ä¸ªç‚¹
      |         [01;31m[K^~~~~~~~~~~~[m[K
gmake[2]: *** [CMakeFiles/cr7_controller.dir/build.make:76ï¼šCMakeFiles/cr7_controller.dir/src/cr7_robot_controller.cpp.o] é”™è¯¯ 1
gmake[1]: *** [CMakeFiles/Makefile2:137ï¼šCMakeFiles/cr7_controller.dir/all] é”™è¯¯ 2
gmake: *** [Makefile:146ï¼šall] é”™è¯¯ 2
