[0.039s] Invoking command in '/home/xionggu/cx_moveit/ws_moveit/build/cr7_robot_controller': CMAKE_PREFIX_PATH=${CMAKE_PREFIX_PATH}:/home/xionggu/moveit2_ws/install/moveit_configs_utils:/home/xionggu/moveit2_ws/install/launch_param_builder:/home/xionggu/dobot_ws_test/install/servo_action:/home/xionggu/dobot_ws_test/install/dobot_moveit:/home/xionggu/dobot_ws_test/install/dobot_demo:/opt/ros/humble HISTTIMEFORMAT= %F %T /usr/bin/cmake --build /home/xionggu/cx_moveit/ws_moveit/build/cr7_robot_controller -- -j8 -l8
[0.180s] [35m[1mConsolidate compiler generated dependencies of target cr7_controller[0m
[0.239s] [ 33%] [32mBuilding CXX object CMakeFiles/cr7_controller.dir/src/cr7_robot_controller.cpp.o[0m
[4.144s] [01m[K/home/xionggu/cx_moveit/ws_moveit/src/cr7_robot_controller/src/cr7_robot_controller.cpp:[m[K In member function â€˜[01m[Kbool cr7_controller::CR7RobotController::preprocessWaypoints(const std::vector<cr7_controller::Waypoint>&, std::vector<geometry_msgs::msg::Pose_<std::allocator<void> > >&, const cr7_controller::CR7RobotController::CartesianPathConfig&)[m[Kâ€™:
[4.144s] [01m[K/home/xionggu/cx_moveit/ws_moveit/src/cr7_robot_controller/src/cr7_robot_controller.cpp:491:22:[m[K [01;31m[Kerror: [m[Kâ€˜[01m[KinsertIntermediatePointsLimited[m[Kâ€™ was not declared in this scope; did you mean â€˜[01m[KinsertIntermediatePoints[m[Kâ€™?
[4.144s]   491 |                 if (![01;31m[KinsertIntermediatePointsLimited[m[K(prev_pose, pose, output_poses,
[4.144s]       |                      [01;31m[K^~~~~~~~~~~~~~~~~~~~~~~~~~~~~~~[m[K
[4.144s]       |                      [32m[KinsertIntermediatePoints[m[K
[4.153s] [01m[K/home/xionggu/cx_moveit/ws_moveit/src/cr7_robot_controller/src/cr7_robot_controller.cpp:518:9:[m[K [01;31m[Kerror: [m[Kâ€˜[01m[KsimplifyPath[m[Kâ€™ was not declared in this scope
[4.153s]   518 |         [01;31m[KsimplifyPath[m[K(output_poses, 30); // ç®€åŒ–åˆ°æœ€å¤š30ä¸ªç‚¹
[4.154s]       |         [01;31m[K^~~~~~~~~~~~[m[K
[6.202s] gmake[2]: *** [CMakeFiles/cr7_controller.dir/build.make:76ï¼šCMakeFiles/cr7_controller.dir/src/cr7_robot_controller.cpp.o] é”™è¯¯ 1
[6.202s] gmake[1]: *** [CMakeFiles/Makefile2:137ï¼šCMakeFiles/cr7_controller.dir/all] é”™è¯¯ 2
[6.202s] gmake: *** [Makefile:146ï¼šall] é”™è¯¯ 2
[6.204s] Invoked command in '/home/xionggu/cx_moveit/ws_moveit/build/cr7_robot_controller' returned '2': CMAKE_PREFIX_PATH=${CMAKE_PREFIX_PATH}:/home/xionggu/moveit2_ws/install/moveit_configs_utils:/home/xionggu/moveit2_ws/install/launch_param_builder:/home/xionggu/dobot_ws_test/install/servo_action:/home/xionggu/dobot_ws_test/install/dobot_moveit:/home/xionggu/dobot_ws_test/install/dobot_demo:/opt/ros/humble HISTTIMEFORMAT= %F %T /usr/bin/cmake --build /home/xionggu/cx_moveit/ws_moveit/build/cr7_robot_controller -- -j8 -l8
