/usr/bin/ld: CMakeFiles/cr7_controller.dir/src/main.cpp.o: in function `setPlanningParameters(std::shared_ptr<cr7_controller::CR7RobotController>)':
main.cpp:(.text+0xdfe): undefined reference to `cr7_controller::CR7RobotController::setPlanningTime(double)'
/usr/bin/ld: main.cpp:(.text+0xe1e): undefined reference to `cr7_controller::CR7RobotController::setVelocityFactor(double)'
/usr/bin/ld: main.cpp:(.text+0xe3e): undefined reference to `cr7_controller::CR7RobotController::setAccelerationFactor(double)'
/usr/bin/ld: CMakeFiles/cr7_controller.dir/src/main.cpp.o: in function `processCommand(std::shared_ptr<cr7_controller::CR7RobotController>, char)':
main.cpp:(.text+0x1a84): undefined reference to `cr7_controller::CR7RobotController::printCurrentState() const'
/usr/bin/ld: main.cpp:(.text+0x1b1b): undefined reference to `cr7_controller::CR7RobotController::executeTestPath()'
/usr/bin/ld: CMakeFiles/cr7_controller.dir/src/main.cpp.o: in function `main':
main.cpp:(.text+0x2b58): undefined reference to `cr7_controller::CR7RobotController::printCurrentState() const'
/usr/bin/ld: main.cpp:(.text+0x2e5a): undefined reference to `cr7_controller::CR7RobotController::executeTestPath()'
collect2: error: ld returned 1 exit status
gmake[2]: *** [CMakeFiles/cr7_controller.dir/build.make:371：cr7_controller] 错误 1
gmake[1]: *** [CMakeFiles/Makefile2:137：CMakeFiles/cr7_controller.dir/all] 错误 2
gmake: *** [Makefile:146：all] 错误 2
