[35m[1mConsolidate compiler generated dependencies of target cr7_controller[0m
[ 33%] [32mBuilding CXX object CMakeFiles/cr7_controller.dir/src/cr7_robot_controller.cpp.o[0m
[ 66%] [32m[1mLinking CXX executable cr7_controller[0m
/usr/bin/ld: CMakeFiles/cr7_controller.dir/src/main.cpp.o: in function `setPlanningParameters(std::shared_ptr<cr7_controller::CR7RobotController>)':
main.cpp:(.text+0xdfe): undefined reference to `cr7_controller::CR7RobotController::setPlanningTime(double)'
/usr/bin/ld: main.cpp:(.text+0xe1e): undefined reference to `cr7_controller::CR7RobotController::setVelocityFactor(double)'
/usr/bin/ld: main.cpp:(.text+0xe3e): undefined reference to `cr7_controller::CR7RobotController::setAccelerationFactor(double)'
/usr/bin/ld: CMakeFiles/cr7_controller.dir/src/main.cpp.o: in function `processCommand(std::shared_ptr<cr7_controller::CR7RobotController>, char)':
main.cpp:(.text+0x1a84): undefined reference to `cr7_controller::CR7RobotController::printCurrentState() const'
/usr/bin/ld: main.cpp:(.text+0x1b1b): undefined reference to `cr7_controller::CR7RobotController::executeTestPath()'
/usr/bin/ld: CMakeFiles/cr7_controller.dir/src/main.cpp.o: in function `main':
main.cpp:(.text+0x2b58): undefined reference to `cr7_controller::CR7RobotController::printCurrentState() const'
/usr/bin/ld: main.cpp:(.text+0x2e5a): undefined reference to `cr7_controller::CR7RobotController::executeTestPath()'
collect2: error: ld returned 1 exit status
gmake[2]: *** [CMakeFiles/cr7_controller.dir/build.make:371ï¼šcr7_controller] é”™è¯¯ 1
gmake[1]: *** [CMakeFiles/Makefile2:137ï¼šCMakeFiles/cr7_controller.dir/all] é”™è¯¯ 2
gmake: *** [Makefile:146ï¼šall] é”™è¯¯ 2
