[0.024s] Invoking command in '/home/xionggu/cx_moveit/ws_moveit/build/cr7_robot_controller': CMAKE_PREFIX_PATH=${CMAKE_PREFIX_PATH}:/home/xionggu/moveit2_ws/install/moveit_configs_utils:/home/xionggu/moveit2_ws/install/launch_param_builder:/home/xionggu/dobot_ws_test/install/servo_action:/home/xionggu/dobot_ws_test/install/dobot_moveit:/home/xionggu/dobot_ws_test/install/dobot_demo:/opt/ros/humble HISTTIMEFORMAT= %F %T /usr/bin/cmake --build /home/xionggu/cx_moveit/ws_moveit/build/cr7_robot_controller -- -j8 -l8
[0.115s] [35m[1mConsolidate compiler generated dependencies of target cr7_controller[0m
[0.176s] [ 33%] [32mBuilding CXX object CMakeFiles/cr7_controller.dir/src/cr7_robot_controller.cpp.o[0m
[6.257s] [ 66%] [32m[1mLinking CXX executable cr7_controller[0m
[6.621s] /usr/bin/ld: CMakeFiles/cr7_controller.dir/src/main.cpp.o: in function `setPlanningParameters(std::shared_ptr<cr7_controller::CR7RobotController>)':
[6.621s] main.cpp:(.text+0xdfe): undefined reference to `cr7_controller::CR7RobotController::setPlanningTime(double)'
[6.621s] /usr/bin/ld: main.cpp:(.text+0xe1e): undefined reference to `cr7_controller::CR7RobotController::setVelocityFactor(double)'
[6.621s] /usr/bin/ld: main.cpp:(.text+0xe3e): undefined reference to `cr7_controller::CR7RobotController::setAccelerationFactor(double)'
[6.622s] /usr/bin/ld: CMakeFiles/cr7_controller.dir/src/main.cpp.o: in function `processCommand(std::shared_ptr<cr7_controller::CR7RobotController>, char)':
[6.622s] main.cpp:(.text+0x1a84): undefined reference to `cr7_controller::CR7RobotController::printCurrentState() const'
[6.622s] /usr/bin/ld: main.cpp:(.text+0x1b1b): undefined reference to `cr7_controller::CR7RobotController::executeTestPath()'
[6.622s] /usr/bin/ld: CMakeFiles/cr7_controller.dir/src/main.cpp.o: in function `main':
[6.622s] main.cpp:(.text+0x2b58): undefined reference to `cr7_controller::CR7RobotController::printCurrentState() const'
[6.622s] /usr/bin/ld: main.cpp:(.text+0x2e5a): undefined reference to `cr7_controller::CR7RobotController::executeTestPath()'
[6.649s] collect2: error: ld returned 1 exit status
[6.650s] gmake[2]: *** [CMakeFiles/cr7_controller.dir/build.make:371ï¼šcr7_controller] é”™è¯¯ 1
[6.650s] gmake[1]: *** [CMakeFiles/Makefile2:137ï¼šCMakeFiles/cr7_controller.dir/all] é”™è¯¯ 2
[6.651s] gmake: *** [Makefile:146ï¼šall] é”™è¯¯ 2
[6.653s] Invoked command in '/home/xionggu/cx_moveit/ws_moveit/build/cr7_robot_controller' returned '2': CMAKE_PREFIX_PATH=${CMAKE_PREFIX_PATH}:/home/xionggu/moveit2_ws/install/moveit_configs_utils:/home/xionggu/moveit2_ws/install/launch_param_builder:/home/xionggu/dobot_ws_test/install/servo_action:/home/xionggu/dobot_ws_test/install/dobot_moveit:/home/xionggu/dobot_ws_test/install/dobot_demo:/opt/ros/humble HISTTIMEFORMAT= %F %T /usr/bin/cmake --build /home/xionggu/cx_moveit/ws_moveit/build/cr7_robot_controller -- -j8 -l8
