[0.034s] Invoking command in '/home/xionggu/cx_moveit_test/cx_moveit2/ws_moveit/build/cr7_robot_controller': CMAKE_PREFIX_PATH=${CMAKE_PREFIX_PATH}:/home/xionggu/moveit2_ws/install/moveit_configs_utils:/home/xionggu/moveit2_ws/install/launch_param_builder:/home/xionggu/dobot_ws_test/install/servo_action:/home/xionggu/dobot_ws_test/install/dobot_moveit:/home/xionggu/dobot_ws_test/install/dobot_demo:/opt/ros/humble HISTTIMEFORMAT= %F %T /usr/bin/cmake /home/xionggu/cx_moveit_test/cx_moveit2/ws_moveit/src/cr7_robot_controller -DCMAKE_INSTALL_PREFIX=/home/xionggu/cx_moveit_test/cx_moveit2/ws_moveit/install/cr7_robot_controller
[0.135s] -- The C compiler identification is GNU 11.4.0
[0.208s] -- The CXX compiler identification is GNU 11.4.0
[0.223s] -- Detecting C compiler ABI info
[0.404s] -- Detecting C compiler ABI info - done
[0.412s] -- Check for working C compiler: /usr/bin/cc - skipped
[0.413s] -- Detecting C compile features
[0.413s] -- Detecting C compile features - done
[0.417s] -- Detecting CXX compiler ABI info
[0.554s] -- Detecting CXX compiler ABI info - done
[0.562s] -- Check for working CXX compiler: /usr/bin/c++ - skipped
[0.562s] -- Detecting CXX compile features
[0.562s] -- Detecting CXX compile features - done
[0.578s] -- Found ament_cmake: 1.3.12 (/opt/ros/humble/share/ament_cmake/cmake)
[0.839s] -- Found Python3: /usr/bin/python3 (found version "3.10.12") found components: Interpreter 
[1.054s] -- Found rclcpp: 16.0.17 (/opt/ros/humble/share/rclcpp/cmake)
[1.181s] -- Found rosidl_generator_c: 3.1.8 (/opt/ros/humble/share/rosidl_generator_c/cmake)
[1.200s] -- Found rosidl_adapter: 3.1.8 (/opt/ros/humble/share/rosidl_adapter/cmake)
[1.223s] -- Found rosidl_generator_cpp: 3.1.8 (/opt/ros/humble/share/rosidl_generator_cpp/cmake)
[1.251s] -- Using all available rosidl_typesupport_c: rosidl_typesupport_fastrtps_c;rosidl_typesupport_introspection_c
[1.292s] -- Using all available rosidl_typesupport_cpp: rosidl_typesupport_fastrtps_cpp;rosidl_typesupport_introspection_cpp
[1.410s] -- Found rmw_implementation_cmake: 6.1.2 (/opt/ros/humble/share/rmw_implementation_cmake/cmake)
[1.422s] -- Found rmw_fastrtps_cpp: 6.2.9 (/opt/ros/humble/share/rmw_fastrtps_cpp/cmake)
[1.612s] -- Found OpenSSL: /usr/lib/x86_64-linux-gnu/libcrypto.so (found version "3.0.2")  
[1.675s] -- Found FastRTPS: /opt/ros/humble/include  
[1.743s] -- Using RMW implementation 'rmw_fastrtps_cpp' as default
[1.775s] -- Looking for pthread.h
[1.905s] -- Looking for pthread.h - found
[1.906s] -- Performing Test CMAKE_HAVE_LIBC_PTHREAD
[2.021s] -- Performing Test CMAKE_HAVE_LIBC_PTHREAD - Success
[2.021s] -- Found Threads: TRUE  
[2.102s] -- Found moveit_core: 2.5.9 (/home/xionggu/moveit2_ws/install/moveit_core/share/moveit_core/cmake)
[2.247s] -- Found Boost: /usr/lib/x86_64-linux-gnu/cmake/Boost-1.74.0/BoostConfig.cmake (found version "1.74.0") found components: chrono date_time filesystem iostreams program_options regex serialization system thread 
[2.379s] -- Found parameter_traits: 0.6.0 (/opt/ros/humble/share/parameter_traits/cmake)
[2.420s] -- Found rclcpp_lifecycle: 16.0.17 (/opt/ros/humble/share/rclcpp_lifecycle/cmake)
[2.465s] -- Found Boost: /usr/lib/x86_64-linux-gnu/cmake/Boost-1.74.0/BoostConfig.cmake (found version "1.74.0") found components: filesystem 
[2.684s] -- library: /usr/lib/x86_64-linux-gnu/libcurl.so
[2.820s] -- Found Eigen3: TRUE (found version "3.4.0") 
[2.820s] -- Ensuring Eigen3 include directory is part of orocos-kdl CMake target
[3.268s] -- Found moveit_ros_planning_interface: 2.5.9 (/home/xionggu/moveit2_ws/install/moveit_ros_planning_interface/share/moveit_ros_planning_interface/cmake)
[3.273s] -- Found Boost: /usr/lib/x86_64-linux-gnu/cmake/Boost-1.74.0/BoostConfig.cmake (found version "1.74.0") found components: date_time filesystem program_options system thread 
[3.287s] -- Found Boost: /usr/lib/x86_64-linux-gnu/cmake/Boost-1.74.0/BoostConfig.cmake (found version "1.74.0") found components: system filesystem date_time program_options thread chrono 
[3.319s] -- Found Boost: /usr/lib/x86_64-linux-gnu/cmake/Boost-1.74.0/BoostConfig.cmake (found version "1.74.0") found components: thread system filesystem regex date_time program_options 
[3.349s] -- Found Boost: /usr/lib/x86_64-linux-gnu/cmake/Boost-1.74.0/BoostConfig.cmake (found version "1.74.0") found components: system filesystem date_time program_options thread 
[3.495s] -- Configuring done
[3.533s] -- Generating done
[3.554s] -- Build files have been written to: /home/xionggu/cx_moveit_test/cx_moveit2/ws_moveit/build/cr7_robot_controller
[3.568s] Invoked command in '/home/xionggu/cx_moveit_test/cx_moveit2/ws_moveit/build/cr7_robot_controller' returned '0': CMAKE_PREFIX_PATH=${CMAKE_PREFIX_PATH}:/home/xionggu/moveit2_ws/install/moveit_configs_utils:/home/xionggu/moveit2_ws/install/launch_param_builder:/home/xionggu/dobot_ws_test/install/servo_action:/home/xionggu/dobot_ws_test/install/dobot_moveit:/home/xionggu/dobot_ws_test/install/dobot_demo:/opt/ros/humble HISTTIMEFORMAT= %F %T /usr/bin/cmake /home/xionggu/cx_moveit_test/cx_moveit2/ws_moveit/src/cr7_robot_controller -DCMAKE_INSTALL_PREFIX=/home/xionggu/cx_moveit_test/cx_moveit2/ws_moveit/install/cr7_robot_controller
[3.570s] Invoking command in '/home/xionggu/cx_moveit_test/cx_moveit2/ws_moveit/build/cr7_robot_controller': CMAKE_PREFIX_PATH=${CMAKE_PREFIX_PATH}:/home/xionggu/moveit2_ws/install/moveit_configs_utils:/home/xionggu/moveit2_ws/install/launch_param_builder:/home/xionggu/dobot_ws_test/install/servo_action:/home/xionggu/dobot_ws_test/install/dobot_moveit:/home/xionggu/dobot_ws_test/install/dobot_demo:/opt/ros/humble HISTTIMEFORMAT= %F %T /usr/bin/cmake --build /home/xionggu/cx_moveit_test/cx_moveit2/ws_moveit/build/cr7_robot_controller -- -j8 -l8
[3.664s] [ 14%] [32mBuilding CXX object CMakeFiles/cr7_controller.dir/src/cartesian/cr7_cartesian_planner.cpp.o[0m
[3.665s] [ 28%] [32mBuilding CXX object CMakeFiles/cr7_controller.dir/src/base/cr7_base_controller.cpp.o[0m
[3.666s] [ 42%] [32mBuilding CXX object CMakeFiles/cr7_controller.dir/src/cr7_robot_controller.cpp.o[0m
[3.669s] [ 57%] [32mBuilding CXX object CMakeFiles/cr7_controller.dir/src/main.cpp.o[0m
[3.669s] [ 71%] [32mBuilding CXX object CMakeFiles/cr7_controller.dir/src/path/cr7_path_executor.cpp.o[0m
[3.672s] [ 85%] [32mBuilding CXX object CMakeFiles/cr7_controller.dir/src/pilz/cr7_pilz_planner.cpp.o[0m
[12.443s] In file included from [01m[K/usr/include/x86_64-linux-gnu/c++/11/bits/c++allocator.h:33[m[K,
[12.443s]                  from [01m[K/usr/include/c++/11/bits/allocator.h:46[m[K,
[12.443s]                  from [01m[K/usr/include/c++/11/string:41[m[K,
[12.443s]                  from [01m[K/usr/include/c++/11/bits/locale_classes.h:40[m[K,
[12.443s]                  from [01m[K/usr/include/c++/11/bits/ios_base.h:41[m[K,
[12.443s]                  from [01m[K/usr/include/c++/11/ios:42[m[K,
[12.443s]                  from [01m[K/usr/include/c++/11/istream:38[m[K,
[12.443s]                  from [01m[K/usr/include/c++/11/sstream:38[m[K,
[12.443s]                  from [01m[K/home/xionggu/cx_moveit_test/cx_moveit2/ws_moveit/src/cr7_robot_controller/src/cr7_robot_controller.cpp:10[m[K:
[12.443s] /usr/include/c++/11/ext/new_allocator.h: In instantiation of ‚Äò[01m[Kvoid __gnu_cxx::new_allocator<_Tp>::construct(_Up*, _Args&& ...) [with _Up = cr7_controller::CR7PilzPlanner; _Args = {std::shared_ptr<rclcpp::Node>&, const std::__cxx11::basic_string<char, std::char_traits<char>, std::allocator<char> >&, rclcpp::Logger&}; _Tp = cr7_controller::CR7PilzPlanner][m[K‚Äô:
[12.443s] [01m[K/usr/include/c++/11/bits/alloc_traits.h:516:17:[m[K   required from ‚Äò[01m[Kstatic void std::allocator_traits<std::allocator<_CharT> >::construct(std::allocator_traits<std::allocator<_CharT> >::allocator_type&, _Up*, _Args&& ...) [with _Up = cr7_controller::CR7PilzPlanner; _Args = {std::shared_ptr<rclcpp::Node>&, const std::__cxx11::basic_string<char, std::char_traits<char>, std::allocator<char> >&, rclcpp::Logger&}; _Tp = cr7_controller::CR7PilzPlanner; std::allocator_traits<std::allocator<_CharT> >::allocator_type = std::allocator<cr7_controller::CR7PilzPlanner>][m[K‚Äô
[12.443s] [01m[K/usr/include/c++/11/bits/shared_ptr_base.h:519:39:[m[K   required from ‚Äò[01m[Kstd::_Sp_counted_ptr_inplace<_Tp, _Alloc, _Lp>::_Sp_counted_ptr_inplace(_Alloc, _Args&& ...) [with _Args = {std::shared_ptr<rclcpp::Node>&, const std::__cxx11::basic_string<char, std::char_traits<char>, std::allocator<char> >&, rclcpp::Logger&}; _Tp = cr7_controller::CR7PilzPlanner; _Alloc = std::allocator<cr7_controller::CR7PilzPlanner>; __gnu_cxx::_Lock_policy _Lp = __gnu_cxx::_S_atomic][m[K‚Äô
[12.443s] [01m[K/usr/include/c++/11/bits/shared_ptr_base.h:650:16:[m[K   required from ‚Äò[01m[Kstd::__shared_count<_Lp>::__shared_count(_Tp*&, std::_Sp_alloc_shared_tag<_Alloc>, _Args&& ...) [with _Tp = cr7_controller::CR7PilzPlanner; _Alloc = std::allocator<cr7_controller::CR7PilzPlanner>; _Args = {std::shared_ptr<rclcpp::Node>&, const std::__cxx11::basic_string<char, std::char_traits<char>, std::allocator<char> >&, rclcpp::Logger&}; __gnu_cxx::_Lock_policy _Lp = __gnu_cxx::_S_atomic][m[K‚Äô
[12.443s] [01m[K/usr/include/c++/11/bits/shared_ptr_base.h:1342:14:[m[K   required from ‚Äò[01m[Kstd::__shared_ptr<_Tp, _Lp>::__shared_ptr(std::_Sp_alloc_shared_tag<_Tp>, _Args&& ...) [with _Alloc = std::allocator<cr7_controller::CR7PilzPlanner>; _Args = {std::shared_ptr<rclcpp::Node>&, const std::__cxx11::basic_string<char, std::char_traits<char>, std::allocator<char> >&, rclcpp::Logger&}; _Tp = cr7_controller::CR7PilzPlanner; __gnu_cxx::_Lock_policy _Lp = __gnu_cxx::_S_atomic][m[K‚Äô
[12.443s] [01m[K/usr/include/c++/11/bits/shared_ptr.h:409:59:[m[K   required from ‚Äò[01m[Kstd::shared_ptr<_Tp>::shared_ptr(std::_Sp_alloc_shared_tag<_Tp>, _Args&& ...) [with _Alloc = std::allocator<cr7_controller::CR7PilzPlanner>; _Args = {std::shared_ptr<rclcpp::Node>&, const std::__cxx11::basic_string<char, std::char_traits<char>, std::allocator<char> >&, rclcpp::Logger&}; _Tp = cr7_controller::CR7PilzPlanner][m[K‚Äô
[12.443s] [01m[K/usr/include/c++/11/bits/shared_ptr.h:862:14:[m[K   required from ‚Äò[01m[Kstd::shared_ptr<_Tp> std::allocate_shared(const _Alloc&, _Args&& ...) [with _Tp = cr7_controller::CR7PilzPlanner; _Alloc = std::allocator<cr7_controller::CR7PilzPlanner>; _Args = {std::shared_ptr<rclcpp::Node>&, const std::__cxx11::basic_string<char, std::char_traits<char>, std::allocator<char> >&, rclcpp::Logger&}][m[K‚Äô
[12.443s] [01m[K/usr/include/c++/11/bits/shared_ptr.h:878:39:[m[K   required from ‚Äò[01m[Kstd::shared_ptr<_Tp> std::make_shared(_Args&& ...) [with _Tp = cr7_controller::CR7PilzPlanner; _Args = {std::shared_ptr<rclcpp::Node>&, const std::__cxx11::basic_string<char, std::char_traits<char>, std::allocator<char> >&, rclcpp::Logger&}][m[K‚Äô
[12.443s] [01m[K/home/xionggu/cx_moveit_test/cx_moveit2/ws_moveit/src/cr7_robot_controller/src/cr7_robot_controller.cpp:43:57:[m[K   required from here
[12.443s] [01m[K/usr/include/c++/11/ext/new_allocator.h:162:11:[m[K [01;31m[Kerror: [m[Kno matching function for call to ‚Äò[01m[Kcr7_controller::CR7PilzPlanner::CR7PilzPlanner(std::shared_ptr<rclcpp::Node>&, const std::__cxx11::basic_string<char>&, rclcpp::Logger&)[m[K‚Äô
[12.444s]   162 |         { [01;31m[K::new((void *)__p) _Up(std::forward<_Args>(__args)...)[m[K; }
[12.444s]       |           [01;31m[K^~~~~~~~~~~~~~~~~~~~~~~~~~~~~~~~~~~~~~~~~~~~~~~~~~~~~~[m[K
[12.444s] In file included from [01m[K/home/xionggu/cx_moveit_test/cx_moveit2/ws_moveit/src/cr7_robot_controller/include/cr7_robot_controller/cr7_robot_controller.hpp:24[m[K,
[12.444s]                  from [01m[K/home/xionggu/cx_moveit_test/cx_moveit2/ws_moveit/src/cr7_robot_controller/src/cr7_robot_controller.cpp:16[m[K:
[12.444s] [01m[K/home/xionggu/cx_moveit_test/cx_moveit2/ws_moveit/src/cr7_robot_controller/include/cr7_robot_controller/pilz/cr7_pilz_planner.hpp:82:5:[m[K [01;36m[Knote: [m[Kcandidate: ‚Äò[01m[Kcr7_controller::CR7PilzPlanner::CR7PilzPlanner(rclcpp::Node::SharedPtr, std::shared_ptr<moveit::planning_interface::MoveGroupInterface>, rclcpp::Logger)[m[K‚Äô
[12.444s]    82 |     [01;36m[KCR7PilzPlanner[m[K(
[12.444s]       |     [01;36m[K^~~~~~~~~~~~~~[m[K
[12.444s] [01m[K/home/xionggu/cx_moveit_test/cx_moveit2/ws_moveit/src/cr7_robot_controller/include/cr7_robot_controller/pilz/cr7_pilz_planner.hpp:84:73:[m[K [01;36m[Knote: [m[K  no known conversion for argument 2 from ‚Äò[01m[Kconst std::__cxx11::basic_string<char>[m[K‚Äô to ‚Äò[01m[Kstd::shared_ptr<moveit::planning_interface::MoveGroupInterface>[m[K‚Äô
[12.444s]    84 |         [01;36m[Kstd::shared_ptr<moveit::planning_interface::MoveGroupInterface> move_group[m[K,
[12.444s]       |         [01;36m[K~~~~~~~~~~~~~~~~~~~~~~~~~~~~~~~~~~~~~~~~~~~~~~~~~~~~~~~~~~~~~~~~^~~~~~~~~~[m[K
[12.444s] [01m[K/home/xionggu/cx_moveit_test/cx_moveit2/ws_moveit/src/cr7_robot_controller/include/cr7_robot_controller/pilz/cr7_pilz_planner.hpp:74:7:[m[K [01;36m[Knote: [m[Kcandidate: ‚Äò[01m[Kcr7_controller::CR7PilzPlanner::CR7PilzPlanner(const cr7_controller::CR7PilzPlanner&)[m[K‚Äô
[12.444s]    74 | class [01;36m[KCR7PilzPlanner[m[K {
[12.444s]       |       [01;36m[K^~~~~~~~~~~~~~[m[K
[12.444s] [01m[K/home/xionggu/cx_moveit_test/cx_moveit2/ws_moveit/src/cr7_robot_controller/include/cr7_robot_controller/pilz/cr7_pilz_planner.hpp:74:7:[m[K [01;36m[Knote: [m[K  candidate expects 1 argument, 3 provided
[13.009s] gmake[2]: *** [CMakeFiles/cr7_controller.dir/build.make:76ÔºöCMakeFiles/cr7_controller.dir/src/cr7_robot_controller.cpp.o] ÈîôËØØ 1
[13.009s] gmake[2]: *** Ê≠£Âú®Á≠âÂæÖÊú™ÂÆåÊàêÁöÑ‰ªªÂä°....
[13.934s] gmake[1]: *** [CMakeFiles/Makefile2:137ÔºöCMakeFiles/cr7_controller.dir/all] ÈîôËØØ 2
[13.934s] gmake: *** [Makefile:146Ôºöall] ÈîôËØØ 2
[13.948s] Invoked command in '/home/xionggu/cx_moveit_test/cx_moveit2/ws_moveit/build/cr7_robot_controller' returned '2': CMAKE_PREFIX_PATH=${CMAKE_PREFIX_PATH}:/home/xionggu/moveit2_ws/install/moveit_configs_utils:/home/xionggu/moveit2_ws/install/launch_param_builder:/home/xionggu/dobot_ws_test/install/servo_action:/home/xionggu/dobot_ws_test/install/dobot_moveit:/home/xionggu/dobot_ws_test/install/dobot_demo:/opt/ros/humble HISTTIMEFORMAT= %F %T /usr/bin/cmake --build /home/xionggu/cx_moveit_test/cx_moveit2/ws_moveit/build/cr7_robot_controller -- -j8 -l8
