In file included from [01m[K/home/xionggu/cx_moveit_test/cx_moveit2/ws_moveit/src/cr7_robot_controller/include/cr7_robot_controller/cr7_robot_controller.hpp:25[m[K,
                 from [01m[K/home/xionggu/cx_moveit_test/cx_moveit2/ws_moveit/src/cr7_robot_controller/src/cr7_robot_controller.cpp:16[m[K:
[01m[K/home/xionggu/cx_moveit_test/cx_moveit2/ws_moveit/src/cr7_robot_controller/include/cr7_robot_controller/path/cr7_path_executor.hpp:52:29:[m[K [01;31m[Kerror: [m[K‚Äò[01m[KMoveGroupInterface[m[K‚Äô in namespace ‚Äò[01m[Kmoveit::core[m[K‚Äô does not name a type
   52 |         const moveit::core::[01;31m[KMoveGroupInterface[m[K::SharedPtr move_group,
      |                             [01;31m[K^~~~~~~~~~~~~~~~~~[m[K
[01m[K/home/xionggu/cx_moveit_test/cx_moveit2/ws_moveit/src/cr7_robot_controller/include/cr7_robot_controller/path/cr7_path_executor.hpp:52:59:[m[K [01;31m[Kerror: [m[Kexpected unqualified-id before ‚Äò[01m[Kmove_group[m[K‚Äô
   52 |         const moveit::core::MoveGroupInterface::SharedPtr [01;31m[Kmove_group[m[K,
      |                                                           [01;31m[K^~~~~~~~~~[m[K
[01m[K/home/xionggu/cx_moveit_test/cx_moveit2/ws_moveit/src/cr7_robot_controller/include/cr7_robot_controller/path/cr7_path_executor.hpp:52:58:[m[K [01;31m[Kerror: [m[Kexpected ‚Äò[01m[K)[m[K‚Äô before ‚Äò[01m[Kmove_group[m[K‚Äô
   52 |         const moveit::core::MoveGroupInterface::SharedPtr[01;31m[K [m[K[32m[Kmove_group[m[K,
      |                                                          [01;31m[K^[m[K[32m[K~~~~~~~~~~[m[K
      |                                                          [32m[K)[m[K
[01m[K/home/xionggu/cx_moveit_test/cx_moveit2/ws_moveit/src/cr7_robot_controller/include/cr7_robot_controller/path/cr7_path_executor.hpp:49:20:[m[K [01;36m[Knote: [m[Kto match this ‚Äò[01m[K([m[K‚Äô
   49 |     CR7PathExecutor[01;36m[K([m[K
      |                    [01;36m[K^[m[K
[01m[K/home/xionggu/cx_moveit_test/cx_moveit2/ws_moveit/src/cr7_robot_controller/include/cr7_robot_controller/path/cr7_path_executor.hpp:52:49:[m[K [01;31m[Kerror: [m[Kexpected ‚Äò[01m[K;[m[K‚Äô at end of member declaration
   52 |         const moveit::core::MoveGroupInterface::[01;31m[KSharedPtr[m[K move_group,
      |                                                 [01;31m[K^~~~~~~~~[m[K
      |                                                          [32m[K;[m[K
[01m[K/home/xionggu/cx_moveit_test/cx_moveit2/ws_moveit/src/cr7_robot_controller/include/cr7_robot_controller/path/cr7_path_executor.hpp:52:59:[m[K [01;31m[Kerror: [m[K‚Äò[01m[Kmove_group[m[K‚Äô does not name a type
   52 |         const moveit::core::MoveGroupInterface::SharedPtr [01;31m[Kmove_group[m[K,
      |                                                           [01;31m[K^~~~~~~~~~[m[K
[01m[K/home/xionggu/cx_moveit_test/cx_moveit2/ws_moveit/src/cr7_robot_controller/include/cr7_robot_controller/path/cr7_path_executor.hpp:119:19:[m[K [01;31m[Kerror: [m[K‚Äò[01m[KMoveGroupInterface[m[K‚Äô in namespace ‚Äò[01m[Kmoveit::core[m[K‚Äô does not name a type
  119 |     moveit::core::[01;31m[KMoveGroupInterface[m[K::SharedPtr move_group_;
      |                   [01;31m[K^~~~~~~~~~~~~~~~~~[m[K
In file included from [01m[K/home/xionggu/cx_moveit_test/cx_moveit2/ws_moveit/src/cr7_robot_controller/src/path/cr7_path_executor.cpp:11[m[K:
[01m[K/home/xionggu/cx_moveit_test/cx_moveit2/ws_moveit/src/cr7_robot_controller/include/cr7_robot_controller/path/cr7_path_executor.hpp:52:29:[m[K [01;31m[Kerror: [m[K‚Äò[01m[KMoveGroupInterface[m[K‚Äô in namespace ‚Äò[01m[Kmoveit::core[m[K‚Äô does not name a type
   52 |         const moveit::core::[01;31m[KMoveGroupInterface[m[K::SharedPtr move_group,
      |                             [01;31m[K^~~~~~~~~~~~~~~~~~[m[K
[01m[K/home/xionggu/cx_moveit_test/cx_moveit2/ws_moveit/src/cr7_robot_controller/include/cr7_robot_controller/path/cr7_path_executor.hpp:52:59:[m[K [01;31m[Kerror: [m[Kexpected unqualified-id before ‚Äò[01m[Kmove_group[m[K‚Äô
   52 |         const moveit::core::MoveGroupInterface::SharedPtr [01;31m[Kmove_group[m[K,
      |                                                           [01;31m[K^~~~~~~~~~[m[K
[01m[K/home/xionggu/cx_moveit_test/cx_moveit2/ws_moveit/src/cr7_robot_controller/include/cr7_robot_controller/path/cr7_path_executor.hpp:52:58:[m[K [01;31m[Kerror: [m[Kexpected ‚Äò[01m[K)[m[K‚Äô before ‚Äò[01m[Kmove_group[m[K‚Äô
   52 |         const moveit::core::MoveGroupInterface::SharedPtr[01;31m[K [m[K[32m[Kmove_group[m[K,
      |                                                          [01;31m[K^[m[K[32m[K~~~~~~~~~~[m[K
      |                                                          [32m[K)[m[K
[01m[K/home/xionggu/cx_moveit_test/cx_moveit2/ws_moveit/src/cr7_robot_controller/include/cr7_robot_controller/path/cr7_path_executor.hpp:49:20:[m[K [01;36m[Knote: [m[Kto match this ‚Äò[01m[K([m[K‚Äô
   49 |     CR7PathExecutor[01;36m[K([m[K
      |                    [01;36m[K^[m[K
[01m[K/home/xionggu/cx_moveit_test/cx_moveit2/ws_moveit/src/cr7_robot_controller/include/cr7_robot_controller/path/cr7_path_executor.hpp:52:49:[m[K [01;31m[Kerror: [m[Kexpected ‚Äò[01m[K;[m[K‚Äô at end of member declaration
   52 |         const moveit::core::MoveGroupInterface::[01;31m[KSharedPtr[m[K move_group,
      |                                                 [01;31m[K^~~~~~~~~[m[K
      |                                                          [32m[K;[m[K
[01m[K/home/xionggu/cx_moveit_test/cx_moveit2/ws_moveit/src/cr7_robot_controller/include/cr7_robot_controller/path/cr7_path_executor.hpp:52:59:[m[K [01;31m[Kerror: [m[K‚Äò[01m[Kmove_group[m[K‚Äô does not name a type
   52 |         const moveit::core::MoveGroupInterface::SharedPtr [01;31m[Kmove_group[m[K,
      |                                                           [01;31m[K^~~~~~~~~~[m[K
[01m[K/home/xionggu/cx_moveit_test/cx_moveit2/ws_moveit/src/cr7_robot_controller/include/cr7_robot_controller/path/cr7_path_executor.hpp:119:19:[m[K [01;31m[Kerror: [m[K‚Äò[01m[KMoveGroupInterface[m[K‚Äô in namespace ‚Äò[01m[Kmoveit::core[m[K‚Äô does not name a type
  119 |     moveit::core::[01;31m[KMoveGroupInterface[m[K::SharedPtr move_group_;
      |                   [01;31m[K^~~~~~~~~~~~~~~~~~[m[K
[01m[K/home/xionggu/cx_moveit_test/cx_moveit2/ws_moveit/src/cr7_robot_controller/src/path/cr7_path_executor.cpp:31:25:[m[K [01;31m[Kerror: [m[K‚Äò[01m[KMoveGroupInterface[m[K‚Äô in namespace ‚Äò[01m[Kmoveit::core[m[K‚Äô does not name a type
   31 |     const moveit::core::[01;31m[KMoveGroupInterface[m[K::SharedPtr move_group,
      |                         [01;31m[K^~~~~~~~~~~~~~~~~~[m[K
[01m[K/home/xionggu/cx_moveit_test/cx_moveit2/ws_moveit/src/cr7_robot_controller/src/path/cr7_path_executor.cpp:31:55:[m[K [01;31m[Kerror: [m[Kexpected unqualified-id before ‚Äò[01m[Kmove_group[m[K‚Äô
   31 |     const moveit::core::MoveGroupInterface::SharedPtr [01;31m[Kmove_group[m[K,
      |                                                       [01;31m[K^~~~~~~~~~[m[K
[01m[K/home/xionggu/cx_moveit_test/cx_moveit2/ws_moveit/src/cr7_robot_controller/src/path/cr7_path_executor.cpp:31:54:[m[K [01;31m[Kerror: [m[Kexpected ‚Äò[01m[K)[m[K‚Äô before ‚Äò[01m[Kmove_group[m[K‚Äô
   31 |     const moveit::core::MoveGroupInterface::SharedPtr[01;31m[K [m[K[32m[Kmove_group[m[K,
      |                                                      [01;31m[K^[m[K[32m[K~~~~~~~~~~[m[K
      |                                                      [32m[K)[m[K
[01m[K/home/xionggu/cx_moveit_test/cx_moveit2/ws_moveit/src/cr7_robot_controller/src/path/cr7_path_executor.cpp:28:33:[m[K [01;36m[Knote: [m[Kto match this ‚Äò[01m[K([m[K‚Äô
   28 | CR7PathExecutor::CR7PathExecutor[01;36m[K([m[K
      |                                 [01;36m[K^[m[K
[01m[K/home/xionggu/cx_moveit_test/cx_moveit2/ws_moveit/src/cr7_robot_controller/src/path/cr7_path_executor.cpp:31:55:[m[K [01;31m[Kerror: [m[Kexpected initializer before ‚Äò[01m[Kmove_group[m[K‚Äô
   31 |     const moveit::core::MoveGroupInterface::SharedPtr [01;31m[Kmove_group[m[K,
      |                                                       [01;31m[K^~~~~~~~~~[m[K
In file included from [01m[K/home/xionggu/cx_moveit_test/cx_moveit2/ws_moveit/src/cr7_robot_controller/include/cr7_robot_controller/cr7_robot_controller.hpp:25[m[K,
                 from [01m[K/home/xionggu/cx_moveit_test/cx_moveit2/ws_moveit/src/cr7_robot_controller/src/main.cpp:19[m[K:
[01m[K/home/xionggu/cx_moveit_test/cx_moveit2/ws_moveit/src/cr7_robot_controller/include/cr7_robot_controller/path/cr7_path_executor.hpp:52:29:[m[K [01;31m[Kerror: [m[K‚Äò[01m[KMoveGroupInterface[m[K‚Äô in namespace ‚Äò[01m[Kmoveit::core[m[K‚Äô does not name a type
   52 |         const moveit::core::[01;31m[KMoveGroupInterface[m[K::SharedPtr move_group,
      |                             [01;31m[K^~~~~~~~~~~~~~~~~~[m[K
[01m[K/home/xionggu/cx_moveit_test/cx_moveit2/ws_moveit/src/cr7_robot_controller/include/cr7_robot_controller/path/cr7_path_executor.hpp:52:59:[m[K [01;31m[Kerror: [m[Kexpected unqualified-id before ‚Äò[01m[Kmove_group[m[K‚Äô
   52 |         const moveit::core::MoveGroupInterface::SharedPtr [01;31m[Kmove_group[m[K,
      |                                                           [01;31m[K^~~~~~~~~~[m[K
[01m[K/home/xionggu/cx_moveit_test/cx_moveit2/ws_moveit/src/cr7_robot_controller/include/cr7_robot_controller/path/cr7_path_executor.hpp:52:58:[m[K [01;31m[Kerror: [m[Kexpected ‚Äò[01m[K)[m[K‚Äô before ‚Äò[01m[Kmove_group[m[K‚Äô
   52 |         const moveit::core::MoveGroupInterface::SharedPtr[01;31m[K [m[K[32m[Kmove_group[m[K,
      |                                                          [01;31m[K^[m[K[32m[K~~~~~~~~~~[m[K
      |                                                          [32m[K)[m[K
[01m[K/home/xionggu/cx_moveit_test/cx_moveit2/ws_moveit/src/cr7_robot_controller/include/cr7_robot_controller/path/cr7_path_executor.hpp:49:20:[m[K [01;36m[Knote: [m[Kto match this ‚Äò[01m[K([m[K‚Äô
   49 |     CR7PathExecutor[01;36m[K([m[K
      |                    [01;36m[K^[m[K
[01m[K/home/xionggu/cx_moveit_test/cx_moveit2/ws_moveit/src/cr7_robot_controller/include/cr7_robot_controller/path/cr7_path_executor.hpp:52:49:[m[K [01;31m[Kerror: [m[Kexpected ‚Äò[01m[K;[m[K‚Äô at end of member declaration
   52 |         const moveit::core::MoveGroupInterface::[01;31m[KSharedPtr[m[K move_group,
      |                                                 [01;31m[K^~~~~~~~~[m[K
      |                                                          [32m[K;[m[K
[01m[K/home/xionggu/cx_moveit_test/cx_moveit2/ws_moveit/src/cr7_robot_controller/include/cr7_robot_controller/path/cr7_path_executor.hpp:52:59:[m[K [01;31m[Kerror: [m[K‚Äò[01m[Kmove_group[m[K‚Äô does not name a type
   52 |         const moveit::core::MoveGroupInterface::SharedPtr [01;31m[Kmove_group[m[K,
      |                                                           [01;31m[K^~~~~~~~~~[m[K
[01m[K/home/xionggu/cx_moveit_test/cx_moveit2/ws_moveit/src/cr7_robot_controller/include/cr7_robot_controller/path/cr7_path_executor.hpp:119:19:[m[K [01;31m[Kerror: [m[K‚Äò[01m[KMoveGroupInterface[m[K‚Äô in namespace ‚Äò[01m[Kmoveit::core[m[K‚Äô does not name a type
  119 |     moveit::core::[01;31m[KMoveGroupInterface[m[K::SharedPtr move_group_;
      |                   [01;31m[K^~~~~~~~~~~~~~~~~~[m[K
gmake[2]: *** [CMakeFiles/cr7_controller.dir/build.make:76ÔºöCMakeFiles/cr7_controller.dir/src/cr7_robot_controller.cpp.o] ÈîôËØØ 1
gmake[2]: *** Ê≠£Âú®Á≠âÂæÖÊú™ÂÆåÊàêÁöÑ‰ªªÂä°....
gmake[2]: *** [CMakeFiles/cr7_controller.dir/build.make:132ÔºöCMakeFiles/cr7_controller.dir/src/path/cr7_path_executor.cpp.o] ÈîôËØØ 1
gmake[2]: *** [CMakeFiles/cr7_controller.dir/build.make:146ÔºöCMakeFiles/cr7_controller.dir/src/main.cpp.o] ÈîôËØØ 1
gmake[1]: *** [CMakeFiles/Makefile2:137ÔºöCMakeFiles/cr7_controller.dir/all] ÈîôËØØ 2
gmake: *** [Makefile:146Ôºöall] ÈîôËØØ 2
