[0.043s] Invoking command in '/home/xionggu/cx_moveit_test/cx_moveit2/ws_moveit/build/cr7_robot_controller': CMAKE_PREFIX_PATH=${CMAKE_PREFIX_PATH}:/home/xionggu/moveit2_ws/install/moveit_configs_utils:/home/xionggu/moveit2_ws/install/launch_param_builder:/home/xionggu/dobot_ws_test/install/servo_action:/home/xionggu/dobot_ws_test/install/dobot_moveit:/home/xionggu/dobot_ws_test/install/dobot_demo:/opt/ros/humble HISTTIMEFORMAT= %F %T /usr/bin/cmake --build /home/xionggu/cx_moveit_test/cx_moveit2/ws_moveit/build/cr7_robot_controller -- -j8 -l8
[0.192s] [35m[1mConsolidate compiler generated dependencies of target cr7_controller[0m
[0.271s] [ 14%] [32mBuilding CXX object CMakeFiles/cr7_controller.dir/src/path/cr7_path_executor.cpp.o[0m
[0.275s] [ 28%] [32mBuilding CXX object CMakeFiles/cr7_controller.dir/src/cr7_robot_controller.cpp.o[0m
[0.280s] [ 42%] [32mBuilding CXX object CMakeFiles/cr7_controller.dir/src/main.cpp.o[0m
[4.636s] In file included from [01m[K/home/xionggu/cx_moveit_test/cx_moveit2/ws_moveit/src/cr7_robot_controller/include/cr7_robot_controller/cr7_robot_controller.hpp:25[m[K,
[4.636s]                  from [01m[K/home/xionggu/cx_moveit_test/cx_moveit2/ws_moveit/src/cr7_robot_controller/src/cr7_robot_controller.cpp:16[m[K:
[4.636s] [01m[K/home/xionggu/cx_moveit_test/cx_moveit2/ws_moveit/src/cr7_robot_controller/include/cr7_robot_controller/path/cr7_path_executor.hpp:52:29:[m[K [01;31m[Kerror: [m[K‚Äò[01m[KMoveGroupInterface[m[K‚Äô in namespace ‚Äò[01m[Kmoveit::core[m[K‚Äô does not name a type
[4.636s]    52 |         const moveit::core::[01;31m[KMoveGroupInterface[m[K::SharedPtr move_group,
[4.636s]       |                             [01;31m[K^~~~~~~~~~~~~~~~~~[m[K
[4.636s] [01m[K/home/xionggu/cx_moveit_test/cx_moveit2/ws_moveit/src/cr7_robot_controller/include/cr7_robot_controller/path/cr7_path_executor.hpp:52:59:[m[K [01;31m[Kerror: [m[Kexpected unqualified-id before ‚Äò[01m[Kmove_group[m[K‚Äô
[4.636s]    52 |         const moveit::core::MoveGroupInterface::SharedPtr [01;31m[Kmove_group[m[K,
[4.636s]       |                                                           [01;31m[K^~~~~~~~~~[m[K
[4.636s] [01m[K/home/xionggu/cx_moveit_test/cx_moveit2/ws_moveit/src/cr7_robot_controller/include/cr7_robot_controller/path/cr7_path_executor.hpp:52:58:[m[K [01;31m[Kerror: [m[Kexpected ‚Äò[01m[K)[m[K‚Äô before ‚Äò[01m[Kmove_group[m[K‚Äô
[4.636s]    52 |         const moveit::core::MoveGroupInterface::SharedPtr[01;31m[K [m[K[32m[Kmove_group[m[K,
[4.636s]       |                                                          [01;31m[K^[m[K[32m[K~~~~~~~~~~[m[K
[4.636s]       |                                                          [32m[K)[m[K
[4.636s] [01m[K/home/xionggu/cx_moveit_test/cx_moveit2/ws_moveit/src/cr7_robot_controller/include/cr7_robot_controller/path/cr7_path_executor.hpp:49:20:[m[K [01;36m[Knote: [m[Kto match this ‚Äò[01m[K([m[K‚Äô
[4.636s]    49 |     CR7PathExecutor[01;36m[K([m[K
[4.636s]       |                    [01;36m[K^[m[K
[4.636s] [01m[K/home/xionggu/cx_moveit_test/cx_moveit2/ws_moveit/src/cr7_robot_controller/include/cr7_robot_controller/path/cr7_path_executor.hpp:52:49:[m[K [01;31m[Kerror: [m[Kexpected ‚Äò[01m[K;[m[K‚Äô at end of member declaration
[4.636s]    52 |         const moveit::core::MoveGroupInterface::[01;31m[KSharedPtr[m[K move_group,
[4.636s]       |                                                 [01;31m[K^~~~~~~~~[m[K
[4.636s]       |                                                          [32m[K;[m[K
[4.640s] [01m[K/home/xionggu/cx_moveit_test/cx_moveit2/ws_moveit/src/cr7_robot_controller/include/cr7_robot_controller/path/cr7_path_executor.hpp:52:59:[m[K [01;31m[Kerror: [m[K‚Äò[01m[Kmove_group[m[K‚Äô does not name a type
[4.640s]    52 |         const moveit::core::MoveGroupInterface::SharedPtr [01;31m[Kmove_group[m[K,
[4.640s]       |                                                           [01;31m[K^~~~~~~~~~[m[K
[4.640s] [01m[K/home/xionggu/cx_moveit_test/cx_moveit2/ws_moveit/src/cr7_robot_controller/include/cr7_robot_controller/path/cr7_path_executor.hpp:119:19:[m[K [01;31m[Kerror: [m[K‚Äò[01m[KMoveGroupInterface[m[K‚Äô in namespace ‚Äò[01m[Kmoveit::core[m[K‚Äô does not name a type
[4.640s]   119 |     moveit::core::[01;31m[KMoveGroupInterface[m[K::SharedPtr move_group_;
[4.640s]       |                   [01;31m[K^~~~~~~~~~~~~~~~~~[m[K
[4.883s] In file included from [01m[K/home/xionggu/cx_moveit_test/cx_moveit2/ws_moveit/src/cr7_robot_controller/src/path/cr7_path_executor.cpp:11[m[K:
[4.884s] [01m[K/home/xionggu/cx_moveit_test/cx_moveit2/ws_moveit/src/cr7_robot_controller/include/cr7_robot_controller/path/cr7_path_executor.hpp:52:29:[m[K [01;31m[Kerror: [m[K‚Äò[01m[KMoveGroupInterface[m[K‚Äô in namespace ‚Äò[01m[Kmoveit::core[m[K‚Äô does not name a type
[4.884s]    52 |         const moveit::core::[01;31m[KMoveGroupInterface[m[K::SharedPtr move_group,
[4.884s]       |                             [01;31m[K^~~~~~~~~~~~~~~~~~[m[K
[4.884s] [01m[K/home/xionggu/cx_moveit_test/cx_moveit2/ws_moveit/src/cr7_robot_controller/include/cr7_robot_controller/path/cr7_path_executor.hpp:52:59:[m[K [01;31m[Kerror: [m[Kexpected unqualified-id before ‚Äò[01m[Kmove_group[m[K‚Äô
[4.884s]    52 |         const moveit::core::MoveGroupInterface::SharedPtr [01;31m[Kmove_group[m[K,
[4.884s]       |                                                           [01;31m[K^~~~~~~~~~[m[K
[4.884s] [01m[K/home/xionggu/cx_moveit_test/cx_moveit2/ws_moveit/src/cr7_robot_controller/include/cr7_robot_controller/path/cr7_path_executor.hpp:52:58:[m[K [01;31m[Kerror: [m[Kexpected ‚Äò[01m[K)[m[K‚Äô before ‚Äò[01m[Kmove_group[m[K‚Äô
[4.884s]    52 |         const moveit::core::MoveGroupInterface::SharedPtr[01;31m[K [m[K[32m[Kmove_group[m[K,
[4.884s]       |                                                          [01;31m[K^[m[K[32m[K~~~~~~~~~~[m[K
[4.884s]       |                                                          [32m[K)[m[K
[4.884s] [01m[K/home/xionggu/cx_moveit_test/cx_moveit2/ws_moveit/src/cr7_robot_controller/include/cr7_robot_controller/path/cr7_path_executor.hpp:49:20:[m[K [01;36m[Knote: [m[Kto match this ‚Äò[01m[K([m[K‚Äô
[4.884s]    49 |     CR7PathExecutor[01;36m[K([m[K
[4.884s]       |                    [01;36m[K^[m[K
[4.884s] [01m[K/home/xionggu/cx_moveit_test/cx_moveit2/ws_moveit/src/cr7_robot_controller/include/cr7_robot_controller/path/cr7_path_executor.hpp:52:49:[m[K [01;31m[Kerror: [m[Kexpected ‚Äò[01m[K;[m[K‚Äô at end of member declaration
[4.884s]    52 |         const moveit::core::MoveGroupInterface::[01;31m[KSharedPtr[m[K move_group,
[4.884s]       |                                                 [01;31m[K^~~~~~~~~[m[K
[4.884s]       |                                                          [32m[K;[m[K
[4.888s] [01m[K/home/xionggu/cx_moveit_test/cx_moveit2/ws_moveit/src/cr7_robot_controller/include/cr7_robot_controller/path/cr7_path_executor.hpp:52:59:[m[K [01;31m[Kerror: [m[K‚Äò[01m[Kmove_group[m[K‚Äô does not name a type
[4.888s]    52 |         const moveit::core::MoveGroupInterface::SharedPtr [01;31m[Kmove_group[m[K,
[4.888s]       |                                                           [01;31m[K^~~~~~~~~~[m[K
[4.888s] [01m[K/home/xionggu/cx_moveit_test/cx_moveit2/ws_moveit/src/cr7_robot_controller/include/cr7_robot_controller/path/cr7_path_executor.hpp:119:19:[m[K [01;31m[Kerror: [m[K‚Äò[01m[KMoveGroupInterface[m[K‚Äô in namespace ‚Äò[01m[Kmoveit::core[m[K‚Äô does not name a type
[4.888s]   119 |     moveit::core::[01;31m[KMoveGroupInterface[m[K::SharedPtr move_group_;
[4.888s]       |                   [01;31m[K^~~~~~~~~~~~~~~~~~[m[K
[4.891s] [01m[K/home/xionggu/cx_moveit_test/cx_moveit2/ws_moveit/src/cr7_robot_controller/src/path/cr7_path_executor.cpp:31:25:[m[K [01;31m[Kerror: [m[K‚Äò[01m[KMoveGroupInterface[m[K‚Äô in namespace ‚Äò[01m[Kmoveit::core[m[K‚Äô does not name a type
[4.891s]    31 |     const moveit::core::[01;31m[KMoveGroupInterface[m[K::SharedPtr move_group,
[4.891s]       |                         [01;31m[K^~~~~~~~~~~~~~~~~~[m[K
[4.891s] [01m[K/home/xionggu/cx_moveit_test/cx_moveit2/ws_moveit/src/cr7_robot_controller/src/path/cr7_path_executor.cpp:31:55:[m[K [01;31m[Kerror: [m[Kexpected unqualified-id before ‚Äò[01m[Kmove_group[m[K‚Äô
[4.892s]    31 |     const moveit::core::MoveGroupInterface::SharedPtr [01;31m[Kmove_group[m[K,
[4.892s]       |                                                       [01;31m[K^~~~~~~~~~[m[K
[4.892s] [01m[K/home/xionggu/cx_moveit_test/cx_moveit2/ws_moveit/src/cr7_robot_controller/src/path/cr7_path_executor.cpp:31:54:[m[K [01;31m[Kerror: [m[Kexpected ‚Äò[01m[K)[m[K‚Äô before ‚Äò[01m[Kmove_group[m[K‚Äô
[4.892s]    31 |     const moveit::core::MoveGroupInterface::SharedPtr[01;31m[K [m[K[32m[Kmove_group[m[K,
[4.892s]       |                                                      [01;31m[K^[m[K[32m[K~~~~~~~~~~[m[K
[4.892s]       |                                                      [32m[K)[m[K
[4.892s] [01m[K/home/xionggu/cx_moveit_test/cx_moveit2/ws_moveit/src/cr7_robot_controller/src/path/cr7_path_executor.cpp:28:33:[m[K [01;36m[Knote: [m[Kto match this ‚Äò[01m[K([m[K‚Äô
[4.892s]    28 | CR7PathExecutor::CR7PathExecutor[01;36m[K([m[K
[4.892s]       |                                 [01;36m[K^[m[K
[4.892s] [01m[K/home/xionggu/cx_moveit_test/cx_moveit2/ws_moveit/src/cr7_robot_controller/src/path/cr7_path_executor.cpp:31:55:[m[K [01;31m[Kerror: [m[Kexpected initializer before ‚Äò[01m[Kmove_group[m[K‚Äô
[4.892s]    31 |     const moveit::core::MoveGroupInterface::SharedPtr [01;31m[Kmove_group[m[K,
[4.892s]       |                                                       [01;31m[K^~~~~~~~~~[m[K
[5.310s] In file included from [01m[K/home/xionggu/cx_moveit_test/cx_moveit2/ws_moveit/src/cr7_robot_controller/include/cr7_robot_controller/cr7_robot_controller.hpp:25[m[K,
[5.310s]                  from [01m[K/home/xionggu/cx_moveit_test/cx_moveit2/ws_moveit/src/cr7_robot_controller/src/main.cpp:19[m[K:
[5.310s] [01m[K/home/xionggu/cx_moveit_test/cx_moveit2/ws_moveit/src/cr7_robot_controller/include/cr7_robot_controller/path/cr7_path_executor.hpp:52:29:[m[K [01;31m[Kerror: [m[K‚Äò[01m[KMoveGroupInterface[m[K‚Äô in namespace ‚Äò[01m[Kmoveit::core[m[K‚Äô does not name a type
[5.311s]    52 |         const moveit::core::[01;31m[KMoveGroupInterface[m[K::SharedPtr move_group,
[5.311s]       |                             [01;31m[K^~~~~~~~~~~~~~~~~~[m[K
[5.311s] [01m[K/home/xionggu/cx_moveit_test/cx_moveit2/ws_moveit/src/cr7_robot_controller/include/cr7_robot_controller/path/cr7_path_executor.hpp:52:59:[m[K [01;31m[Kerror: [m[Kexpected unqualified-id before ‚Äò[01m[Kmove_group[m[K‚Äô
[5.311s]    52 |         const moveit::core::MoveGroupInterface::SharedPtr [01;31m[Kmove_group[m[K,
[5.311s]       |                                                           [01;31m[K^~~~~~~~~~[m[K
[5.311s] [01m[K/home/xionggu/cx_moveit_test/cx_moveit2/ws_moveit/src/cr7_robot_controller/include/cr7_robot_controller/path/cr7_path_executor.hpp:52:58:[m[K [01;31m[Kerror: [m[Kexpected ‚Äò[01m[K)[m[K‚Äô before ‚Äò[01m[Kmove_group[m[K‚Äô
[5.311s]    52 |         const moveit::core::MoveGroupInterface::SharedPtr[01;31m[K [m[K[32m[Kmove_group[m[K,
[5.311s]       |                                                          [01;31m[K^[m[K[32m[K~~~~~~~~~~[m[K
[5.311s]       |                                                          [32m[K)[m[K
[5.311s] [01m[K/home/xionggu/cx_moveit_test/cx_moveit2/ws_moveit/src/cr7_robot_controller/include/cr7_robot_controller/path/cr7_path_executor.hpp:49:20:[m[K [01;36m[Knote: [m[Kto match this ‚Äò[01m[K([m[K‚Äô
[5.311s]    49 |     CR7PathExecutor[01;36m[K([m[K
[5.311s]       |                    [01;36m[K^[m[K
[5.311s] [01m[K/home/xionggu/cx_moveit_test/cx_moveit2/ws_moveit/src/cr7_robot_controller/include/cr7_robot_controller/path/cr7_path_executor.hpp:52:49:[m[K [01;31m[Kerror: [m[Kexpected ‚Äò[01m[K;[m[K‚Äô at end of member declaration
[5.311s]    52 |         const moveit::core::MoveGroupInterface::[01;31m[KSharedPtr[m[K move_group,
[5.311s]       |                                                 [01;31m[K^~~~~~~~~[m[K
[5.311s]       |                                                          [32m[K;[m[K
[5.314s] [01m[K/home/xionggu/cx_moveit_test/cx_moveit2/ws_moveit/src/cr7_robot_controller/include/cr7_robot_controller/path/cr7_path_executor.hpp:52:59:[m[K [01;31m[Kerror: [m[K‚Äò[01m[Kmove_group[m[K‚Äô does not name a type
[5.315s]    52 |         const moveit::core::MoveGroupInterface::SharedPtr [01;31m[Kmove_group[m[K,
[5.315s]       |                                                           [01;31m[K^~~~~~~~~~[m[K
[5.315s] [01m[K/home/xionggu/cx_moveit_test/cx_moveit2/ws_moveit/src/cr7_robot_controller/include/cr7_robot_controller/path/cr7_path_executor.hpp:119:19:[m[K [01;31m[Kerror: [m[K‚Äò[01m[KMoveGroupInterface[m[K‚Äô in namespace ‚Äò[01m[Kmoveit::core[m[K‚Äô does not name a type
[5.315s]   119 |     moveit::core::[01;31m[KMoveGroupInterface[m[K::SharedPtr move_group_;
[5.315s]       |                   [01;31m[K^~~~~~~~~~~~~~~~~~[m[K
[6.829s] gmake[2]: *** [CMakeFiles/cr7_controller.dir/build.make:76ÔºöCMakeFiles/cr7_controller.dir/src/cr7_robot_controller.cpp.o] ÈîôËØØ 1
[6.829s] gmake[2]: *** Ê≠£Âú®Á≠âÂæÖÊú™ÂÆåÊàêÁöÑ‰ªªÂä°....
[7.183s] gmake[2]: *** [CMakeFiles/cr7_controller.dir/build.make:132ÔºöCMakeFiles/cr7_controller.dir/src/path/cr7_path_executor.cpp.o] ÈîôËØØ 1
[7.646s] gmake[2]: *** [CMakeFiles/cr7_controller.dir/build.make:146ÔºöCMakeFiles/cr7_controller.dir/src/main.cpp.o] ÈîôËØØ 1
[7.646s] gmake[1]: *** [CMakeFiles/Makefile2:137ÔºöCMakeFiles/cr7_controller.dir/all] ÈîôËØØ 2
[7.646s] gmake: *** [Makefile:146Ôºöall] ÈîôËØØ 2
[7.651s] Invoked command in '/home/xionggu/cx_moveit_test/cx_moveit2/ws_moveit/build/cr7_robot_controller' returned '2': CMAKE_PREFIX_PATH=${CMAKE_PREFIX_PATH}:/home/xionggu/moveit2_ws/install/moveit_configs_utils:/home/xionggu/moveit2_ws/install/launch_param_builder:/home/xionggu/dobot_ws_test/install/servo_action:/home/xionggu/dobot_ws_test/install/dobot_moveit:/home/xionggu/dobot_ws_test/install/dobot_demo:/opt/ros/humble HISTTIMEFORMAT= %F %T /usr/bin/cmake --build /home/xionggu/cx_moveit_test/cx_moveit2/ws_moveit/build/cr7_robot_controller -- -j8 -l8
