[35m[1mConsolidate compiler generated dependencies of target cr7_controller[0m
[ 14%] [32mBuilding CXX object CMakeFiles/cr7_controller.dir/src/path/cr7_path_executor.cpp.o[0m
[01m[K/home/xionggu/cx_moveit_test/cx_moveit2/ws_moveit/src/cr7_robot_controller/src/path/cr7_path_executor.cpp:[m[K In member function â€˜[01m[Kcr7_controller::CR7BaseController::Result cr7_controller::CR7PathExecutor::executeToolAxis()[m[Kâ€™:
[01m[K/home/xionggu/cx_moveit_test/cx_moveit2/ws_moveit/src/cr7_robot_controller/src/path/cr7_path_executor.cpp:209:34:[m[K [01;31m[Kerror: [m[Kcannot convert â€˜[01m[Kstd::vector<cr7_controller::CR7BaseController::Result>[m[Kâ€™ to â€˜[01m[Kcr7_controller::CR7BaseController::Result[m[Kâ€™ in return
  209 |     return [01;31m[Kthis->executeWaypoints(waypoints,2.0)[m[K;
      |            [01;31m[K~~~~~~~~~~~~~~~~~~~~~~^~~~~~~~~~~~~~~[m[K
      |                                  [01;31m[K|[m[K
      |                                  [01;31m[Kstd::vector<cr7_controller::CR7BaseController::Result>[m[K
gmake[2]: *** [CMakeFiles/cr7_controller.dir/build.make:132ï¼šCMakeFiles/cr7_controller.dir/src/path/cr7_path_executor.cpp.o] é”™è¯¯ 1
gmake[1]: *** [CMakeFiles/Makefile2:137ï¼šCMakeFiles/cr7_controller.dir/all] é”™è¯¯ 2
gmake: *** [Makefile:146ï¼šall] é”™è¯¯ 2
