[35m[1mConsolidate compiler generated dependencies of target cr7_controller[0m
[ 33%] [32mBuilding CXX object CMakeFiles/cr7_controller.dir/src/cr7_robot_controller.cpp.o[0m
[01m[K/home/xionggu/cx_moveit/ws_moveit/src/cr7_robot_controller/src/cr7_robot_controller.cpp:[m[K In member function â€˜[01m[Kbool cr7_controller::CR7RobotController::waitForRobotState(double)[m[Kâ€™:
[01m[K/home/xionggu/cx_moveit/ws_moveit/src/cr7_robot_controller/src/cr7_robot_controller.cpp:141:34:[m[K [01;31m[Kerror: [m[Kâ€˜[01m[Kusing element_type = class moveit::core::RobotState[m[Kâ€™ {aka â€˜[01m[Kclass moveit::core::RobotState[m[Kâ€™} has no member named â€˜[01m[KgetVariableIndex[m[Kâ€™; did you mean â€˜[01m[KgetVariableNames[m[Kâ€™?
  141 |         int idx = current_state->[01;31m[KgetVariableIndex[m[K(name);
      |                                  [01;31m[K^~~~~~~~~~~~~~~~[m[K
      |                                  [32m[KgetVariableNames[m[K
gmake[2]: *** [CMakeFiles/cr7_controller.dir/build.make:76ï¼šCMakeFiles/cr7_controller.dir/src/cr7_robot_controller.cpp.o] é”™è¯¯ 1
gmake[1]: *** [CMakeFiles/Makefile2:137ï¼šCMakeFiles/cr7_controller.dir/all] é”™è¯¯ 2
gmake: *** [Makefile:146ï¼šall] é”™è¯¯ 2
