[0.076s] Invoking command in '/home/xionggu/cx_moveit_test/cx_moveit2/ws_moveit/build/cr7_robot_controller': CMAKE_PREFIX_PATH=${CMAKE_PREFIX_PATH}:/home/xionggu/moveit2_ws/install/moveit_configs_utils:/home/xionggu/moveit2_ws/install/launch_param_builder:/home/xionggu/dobot_ws_test/install/servo_action:/home/xionggu/dobot_ws_test/install/dobot_moveit:/home/xionggu/dobot_ws_test/install/dobot_demo:/opt/ros/humble HISTTIMEFORMAT= %F %T /usr/bin/cmake --build /home/xionggu/cx_moveit_test/cx_moveit2/ws_moveit/build/cr7_robot_controller -- -j8 -l8
[0.189s] [35m[1mConsolidate compiler generated dependencies of target cr7_controller[0m
[0.275s] [ 14%] [32mBuilding CXX object CMakeFiles/cr7_controller.dir/src/path/cr7_path_executor.cpp.o[0m
[4.556s] [01m[K/home/xionggu/cx_moveit_test/cx_moveit2/ws_moveit/src/cr7_robot_controller/src/path/cr7_path_executor.cpp:[m[K In member function â€˜[01m[Kcr7_controller::CR7BaseController::Result cr7_controller::CR7PathExecutor::executeToolAxis()[m[Kâ€™:
[4.556s] [01m[K/home/xionggu/cx_moveit_test/cx_moveit2/ws_moveit/src/cr7_robot_controller/src/path/cr7_path_executor.cpp:209:34:[m[K [01;31m[Kerror: [m[Kcannot convert â€˜[01m[Kstd::vector<cr7_controller::CR7BaseController::Result>[m[Kâ€™ to â€˜[01m[Kcr7_controller::CR7BaseController::Result[m[Kâ€™ in return
[4.556s]   209 |     return [01;31m[Kthis->executeWaypoints(waypoints, 2.0)[m[K;
[4.556s]       |            [01;31m[K~~~~~~~~~~~~~~~~~~~~~~^~~~~~~~~~~~~~~~[m[K
[4.557s]       |                                  [01;31m[K|[m[K
[4.557s]       |                                  [01;31m[Kstd::vector<cr7_controller::CR7BaseController::Result>[m[K
[6.582s] gmake[2]: *** [CMakeFiles/cr7_controller.dir/build.make:132ï¼šCMakeFiles/cr7_controller.dir/src/path/cr7_path_executor.cpp.o] é”™è¯¯ 1
[6.583s] gmake[1]: *** [CMakeFiles/Makefile2:137ï¼šCMakeFiles/cr7_controller.dir/all] é”™è¯¯ 2
[6.583s] gmake: *** [Makefile:146ï¼šall] é”™è¯¯ 2
[6.585s] Invoked command in '/home/xionggu/cx_moveit_test/cx_moveit2/ws_moveit/build/cr7_robot_controller' returned '2': CMAKE_PREFIX_PATH=${CMAKE_PREFIX_PATH}:/home/xionggu/moveit2_ws/install/moveit_configs_utils:/home/xionggu/moveit2_ws/install/launch_param_builder:/home/xionggu/dobot_ws_test/install/servo_action:/home/xionggu/dobot_ws_test/install/dobot_moveit:/home/xionggu/dobot_ws_test/install/dobot_demo:/opt/ros/humble HISTTIMEFORMAT= %F %T /usr/bin/cmake --build /home/xionggu/cx_moveit_test/cx_moveit2/ws_moveit/build/cr7_robot_controller -- -j8 -l8
