[35m[1mConsolidate compiler generated dependencies of target cr7_controller[0m
[ 14%] [32mBuilding CXX object CMakeFiles/cr7_controller.dir/src/cr7_robot_controller.cpp.o[0m
[ 28%] [32mBuilding CXX object CMakeFiles/cr7_controller.dir/src/path/cr7_path_executor.cpp.o[0m
[ 42%] [32mBuilding CXX object CMakeFiles/cr7_controller.dir/src/main.cpp.o[0m
[01m[K/home/xionggu/cx_moveit_test/cx_moveit2/ws_moveit/src/cr7_robot_controller/src/main.cpp:[m[K In function â€˜[01m[Kint main(int, char**)[m[Kâ€™:
[01m[K/home/xionggu/cx_moveit_test/cx_moveit2/ws_moveit/src/cr7_robot_controller/src/main.cpp:122:25:[m[K [01;31m[Kerror: [m[Kâ€˜[01m[Kusing element_type = class cr7_controller::CR7RobotController[m[Kâ€™ {aka â€˜[01m[Kclass cr7_controller::CR7RobotController[m[Kâ€™} has no member named â€˜[01m[KgenerateTestPath[m[Kâ€™; did you mean â€˜[01m[KexecuteTestPath[m[Kâ€™?
  122 |             controller->[01;31m[KgenerateTestPath[m[K();
      |                         [01;31m[K^~~~~~~~~~~~~~~~[m[K
      |                         [32m[KexecuteTestPath[m[K
gmake[2]: *** [CMakeFiles/cr7_controller.dir/build.make:146ï¼šCMakeFiles/cr7_controller.dir/src/main.cpp.o] é”™è¯¯ 1
gmake[1]: *** [CMakeFiles/Makefile2:137ï¼šCMakeFiles/cr7_controller.dir/all] é”™è¯¯ 2
gmake: *** [Makefile:146ï¼šall] é”™è¯¯ 2
