[35m[1mConsolidate compiler generated dependencies of target cr7_controller[0m
[ 33%] [32mBuilding CXX object CMakeFiles/cr7_controller.dir/src/main.cpp.o[0m
[01m[K/home/xionggu/cx_moveit/ws_moveit/src/cr7_robot_controller/src/main.cpp:[m[K In function â€˜[01m[Kchar getCharNonBlocking()[m[Kâ€™:
[01m[K/home/xionggu/cx_moveit/ws_moveit/src/cr7_robot_controller/src/main.cpp:88:20:[m[K [01;31m[Kerror: [m[Kaggregate â€˜[01m[KgetCharNonBlocking()::termios oldt[m[Kâ€™ has incomplete type and cannot be defined
   88 |     struct termios [01;31m[Koldt[m[K, newt;
      |                    [01;31m[K^~~~[m[K
[01m[K/home/xionggu/cx_moveit/ws_moveit/src/cr7_robot_controller/src/main.cpp:88:26:[m[K [01;31m[Kerror: [m[Kaggregate â€˜[01m[KgetCharNonBlocking()::termios newt[m[Kâ€™ has incomplete type and cannot be defined
   88 |     struct termios oldt, [01;31m[Knewt[m[K;
      |                          [01;31m[K^~~~[m[K
[01m[K/home/xionggu/cx_moveit/ws_moveit/src/cr7_robot_controller/src/main.cpp:92:5:[m[K [01;31m[Kerror: [m[Kâ€˜[01m[Ktcgetattr[m[Kâ€™ was not declared in this scope
   92 |     [01;31m[Ktcgetattr[m[K(STDIN_FILENO, &oldt);
      |     [01;31m[K^~~~~~~~~[m[K
[01m[K/home/xionggu/cx_moveit/ws_moveit/src/cr7_robot_controller/src/main.cpp:96:23:[m[K [01;31m[Kerror: [m[Kâ€˜[01m[KICANON[m[Kâ€™ was not declared in this scope
   96 |     newt.c_lflag &= ~([01;31m[KICANON[m[K | ECHO);
      |                       [01;31m[K^~~~~~[m[K
[01m[K/home/xionggu/cx_moveit/ws_moveit/src/cr7_robot_controller/src/main.cpp:96:32:[m[K [01;31m[Kerror: [m[Kâ€˜[01m[KECHO[m[Kâ€™ was not declared in this scope
   96 |     newt.c_lflag &= ~(ICANON | [01;31m[KECHO[m[K);
      |                                [01;31m[K^~~~[m[K
[01m[K/home/xionggu/cx_moveit/ws_moveit/src/cr7_robot_controller/src/main.cpp:97:29:[m[K [01;31m[Kerror: [m[Kâ€˜[01m[KTCSANOW[m[Kâ€™ was not declared in this scope
   97 |     tcsetattr(STDIN_FILENO, [01;31m[KTCSANOW[m[K, &newt);
      |                             [01;31m[K^~~~~~~[m[K
[01m[K/home/xionggu/cx_moveit/ws_moveit/src/cr7_robot_controller/src/main.cpp:97:5:[m[K [01;31m[Kerror: [m[Kâ€˜[01m[Ktcsetattr[m[Kâ€™ was not declared in this scope
   97 |     [01;31m[Ktcsetattr[m[K(STDIN_FILENO, TCSANOW, &newt);
      |     [01;31m[K^~~~~~~~~[m[K
gmake[2]: *** [CMakeFiles/cr7_controller.dir/build.make:90ï¼šCMakeFiles/cr7_controller.dir/src/main.cpp.o] é”™è¯¯ 1
gmake[1]: *** [CMakeFiles/Makefile2:137ï¼šCMakeFiles/cr7_controller.dir/all] é”™è¯¯ 2
gmake: *** [Makefile:146ï¼šall] é”™è¯¯ 2
