[0.047s] Invoking command in '/home/xionggu/cx_moveit/ws_moveit/build/cr7_robot_controller': CMAKE_PREFIX_PATH=${CMAKE_PREFIX_PATH}:/home/xionggu/moveit2_ws/install/moveit_configs_utils:/home/xionggu/moveit2_ws/install/launch_param_builder:/home/xionggu/dobot_ws_test/install/servo_action:/home/xionggu/dobot_ws_test/install/dobot_moveit:/home/xionggu/dobot_ws_test/install/dobot_demo:/opt/ros/humble HISTTIMEFORMAT= %F %T /usr/bin/cmake --build /home/xionggu/cx_moveit/ws_moveit/build/cr7_robot_controller -- -j8 -l8
[0.155s] [35m[1mConsolidate compiler generated dependencies of target cr7_controller[0m
[0.202s] [ 33%] [32mBuilding CXX object CMakeFiles/cr7_controller.dir/src/main.cpp.o[0m
[4.133s] [01m[K/home/xionggu/cx_moveit/ws_moveit/src/cr7_robot_controller/src/main.cpp:[m[K In function â€˜[01m[Kchar getCharNonBlocking()[m[Kâ€™:
[4.134s] [01m[K/home/xionggu/cx_moveit/ws_moveit/src/cr7_robot_controller/src/main.cpp:88:20:[m[K [01;31m[Kerror: [m[Kaggregate â€˜[01m[KgetCharNonBlocking()::termios oldt[m[Kâ€™ has incomplete type and cannot be defined
[4.134s]    88 |     struct termios [01;31m[Koldt[m[K, newt;
[4.134s]       |                    [01;31m[K^~~~[m[K
[4.134s] [01m[K/home/xionggu/cx_moveit/ws_moveit/src/cr7_robot_controller/src/main.cpp:88:26:[m[K [01;31m[Kerror: [m[Kaggregate â€˜[01m[KgetCharNonBlocking()::termios newt[m[Kâ€™ has incomplete type and cannot be defined
[4.134s]    88 |     struct termios oldt, [01;31m[Knewt[m[K;
[4.134s]       |                          [01;31m[K^~~~[m[K
[4.139s] [01m[K/home/xionggu/cx_moveit/ws_moveit/src/cr7_robot_controller/src/main.cpp:92:5:[m[K [01;31m[Kerror: [m[Kâ€˜[01m[Ktcgetattr[m[Kâ€™ was not declared in this scope
[4.139s]    92 |     [01;31m[Ktcgetattr[m[K(STDIN_FILENO, &oldt);
[4.139s]       |     [01;31m[K^~~~~~~~~[m[K
[4.142s] [01m[K/home/xionggu/cx_moveit/ws_moveit/src/cr7_robot_controller/src/main.cpp:96:23:[m[K [01;31m[Kerror: [m[Kâ€˜[01m[KICANON[m[Kâ€™ was not declared in this scope
[4.142s]    96 |     newt.c_lflag &= ~([01;31m[KICANON[m[K | ECHO);
[4.142s]       |                       [01;31m[K^~~~~~[m[K
[4.145s] [01m[K/home/xionggu/cx_moveit/ws_moveit/src/cr7_robot_controller/src/main.cpp:96:32:[m[K [01;31m[Kerror: [m[Kâ€˜[01m[KECHO[m[Kâ€™ was not declared in this scope
[4.145s]    96 |     newt.c_lflag &= ~(ICANON | [01;31m[KECHO[m[K);
[4.145s]       |                                [01;31m[K^~~~[m[K
[4.149s] [01m[K/home/xionggu/cx_moveit/ws_moveit/src/cr7_robot_controller/src/main.cpp:97:29:[m[K [01;31m[Kerror: [m[Kâ€˜[01m[KTCSANOW[m[Kâ€™ was not declared in this scope
[4.149s]    97 |     tcsetattr(STDIN_FILENO, [01;31m[KTCSANOW[m[K, &newt);
[4.149s]       |                             [01;31m[K^~~~~~~[m[K
[4.154s] [01m[K/home/xionggu/cx_moveit/ws_moveit/src/cr7_robot_controller/src/main.cpp:97:5:[m[K [01;31m[Kerror: [m[Kâ€˜[01m[Ktcsetattr[m[Kâ€™ was not declared in this scope
[4.154s]    97 |     [01;31m[Ktcsetattr[m[K(STDIN_FILENO, TCSANOW, &newt);
[4.154s]       |     [01;31m[K^~~~~~~~~[m[K
[6.116s] gmake[2]: *** [CMakeFiles/cr7_controller.dir/build.make:90ï¼šCMakeFiles/cr7_controller.dir/src/main.cpp.o] é”™è¯¯ 1
[6.116s] gmake[1]: *** [CMakeFiles/Makefile2:137ï¼šCMakeFiles/cr7_controller.dir/all] é”™è¯¯ 2
[6.117s] gmake: *** [Makefile:146ï¼šall] é”™è¯¯ 2
[6.119s] Invoked command in '/home/xionggu/cx_moveit/ws_moveit/build/cr7_robot_controller' returned '2': CMAKE_PREFIX_PATH=${CMAKE_PREFIX_PATH}:/home/xionggu/moveit2_ws/install/moveit_configs_utils:/home/xionggu/moveit2_ws/install/launch_param_builder:/home/xionggu/dobot_ws_test/install/servo_action:/home/xionggu/dobot_ws_test/install/dobot_moveit:/home/xionggu/dobot_ws_test/install/dobot_demo:/opt/ros/humble HISTTIMEFORMAT= %F %T /usr/bin/cmake --build /home/xionggu/cx_moveit/ws_moveit/build/cr7_robot_controller -- -j8 -l8
