[0.033s] Invoking command in '/home/xionggu/cx_moveit_test/cx_moveit2/ws_moveit/build/cr7_robot_controller': CMAKE_PREFIX_PATH=${CMAKE_PREFIX_PATH}:/home/xionggu/moveit2_ws/install/moveit_configs_utils:/home/xionggu/moveit2_ws/install/launch_param_builder:/home/xionggu/dobot_ws_test/install/servo_action:/home/xionggu/dobot_ws_test/install/dobot_moveit:/home/xionggu/dobot_ws_test/install/dobot_demo:/opt/ros/humble HISTTIMEFORMAT= %F %T /usr/bin/cmake --build /home/xionggu/cx_moveit_test/cx_moveit2/ws_moveit/build/cr7_robot_controller -- -j8 -l8
[0.168s] [35m[1mConsolidate compiler generated dependencies of target cr7_controller[0m
[0.268s] [ 14%] [32mBuilding CXX object CMakeFiles/cr7_controller.dir/src/cr7_robot_controller.cpp.o[0m
[0.276s] [ 28%] [32mBuilding CXX object CMakeFiles/cr7_controller.dir/src/main.cpp.o[0m
[4.433s] [01m[K/home/xionggu/cx_moveit_test/cx_moveit2/ws_moveit/src/cr7_robot_controller/src/main.cpp:[m[K In function â€˜[01m[Kint main(int, char**)[m[Kâ€™:
[4.433s] [01m[K/home/xionggu/cx_moveit_test/cx_moveit2/ws_moveit/src/cr7_robot_controller/src/main.cpp:100:26:[m[K [01;31m[Kerror: [m[Kâ€˜[01m[Kstd::shared_ptr<cr7_controller::CR7CartesianPlanner> cr7_controller::CR7RobotController::cartesian_planner_[m[Kâ€™ is private within this context
[4.433s]   100 |         if (!controller->[01;31m[Kcartesian_planner_[m[K->initialize(init_timeout)) {
[4.433s]       |                          [01;31m[K^~~~~~~~~~~~~~~~~~[m[K
[4.433s] In file included from [01m[K/home/xionggu/cx_moveit_test/cx_moveit2/ws_moveit/src/cr7_robot_controller/src/main.cpp:19[m[K:
[4.433s] [01m[K/home/xionggu/cx_moveit_test/cx_moveit2/ws_moveit/src/cr7_robot_controller/include/cr7_robot_controller/cr7_robot_controller.hpp:195:42:[m[K [01;36m[Knote: [m[Kdeclared private here
[4.433s]   195 |     std::shared_ptr<CR7CartesianPlanner> [01;36m[Kcartesian_planner_[m[K; ///< ç¬›å¡å°”è·¯å¾„è§„åˆ’å™¨
[4.433s]       |                                          [01;36m[K^~~~~~~~~~~~~~~~~~[m[K
[4.433s] [01m[K/home/xionggu/cx_moveit_test/cx_moveit2/ws_moveit/src/cr7_robot_controller/src/main.cpp:105:26:[m[K [01;31m[Kerror: [m[Kâ€˜[01m[Kstd::shared_ptr<cr7_controller::CR7PathExecutor> cr7_controller::CR7RobotController::path_executor_[m[Kâ€™ is private within this context
[4.433s]   105 |         if (!controller->[01;31m[Kpath_executor_[m[K->initialize(init_timeout)) {
[4.433s]       |                          [01;31m[K^~~~~~~~~~~~~~[m[K
[4.433s] In file included from [01m[K/home/xionggu/cx_moveit_test/cx_moveit2/ws_moveit/src/cr7_robot_controller/src/main.cpp:19[m[K:
[4.433s] [01m[K/home/xionggu/cx_moveit_test/cx_moveit2/ws_moveit/src/cr7_robot_controller/include/cr7_robot_controller/cr7_robot_controller.hpp:197:38:[m[K [01;36m[Knote: [m[Kdeclared private here
[4.434s]   197 |     std::shared_ptr<CR7PathExecutor> [01;36m[Kpath_executor_[m[K;         ///< é¢„è®¾è·¯å¾„æ‰§è¡Œå™¨
[4.434s]       |                                      [01;36m[K^~~~~~~~~~~~~~[m[K
[6.572s] gmake[2]: *** [CMakeFiles/cr7_controller.dir/build.make:146ï¼šCMakeFiles/cr7_controller.dir/src/main.cpp.o] é”™è¯¯ 1
[6.572s] gmake[2]: *** æ­£åœ¨ç­‰å¾…æœªå®Œæˆçš„ä»»åŠ¡....
[6.894s] gmake[1]: *** [CMakeFiles/Makefile2:137ï¼šCMakeFiles/cr7_controller.dir/all] é”™è¯¯ 2
[6.895s] gmake: *** [Makefile:146ï¼šall] é”™è¯¯ 2
[6.897s] Invoked command in '/home/xionggu/cx_moveit_test/cx_moveit2/ws_moveit/build/cr7_robot_controller' returned '2': CMAKE_PREFIX_PATH=${CMAKE_PREFIX_PATH}:/home/xionggu/moveit2_ws/install/moveit_configs_utils:/home/xionggu/moveit2_ws/install/launch_param_builder:/home/xionggu/dobot_ws_test/install/servo_action:/home/xionggu/dobot_ws_test/install/dobot_moveit:/home/xionggu/dobot_ws_test/install/dobot_demo:/opt/ros/humble HISTTIMEFORMAT= %F %T /usr/bin/cmake --build /home/xionggu/cx_moveit_test/cx_moveit2/ws_moveit/build/cr7_robot_controller -- -j8 -l8
