[0.038s] Invoking command in '/home/xionggu/cx_moveit_test/cx_moveit2/ws_moveit/build/cr7_robot_controller': CMAKE_PREFIX_PATH=${CMAKE_PREFIX_PATH}:/home/xionggu/moveit2_ws/install/moveit_configs_utils:/home/xionggu/moveit2_ws/install/launch_param_builder:/home/xionggu/dobot_ws_test/install/servo_action:/home/xionggu/dobot_ws_test/install/dobot_moveit:/home/xionggu/dobot_ws_test/install/dobot_demo:/opt/ros/humble HISTTIMEFORMAT= %F %T /usr/bin/cmake --build /home/xionggu/cx_moveit_test/cx_moveit2/ws_moveit/build/cr7_robot_controller -- -j8 -l8
[0.123s] [35m[1mConsolidate compiler generated dependencies of target cr7_controller[0m
[0.315s] [ 14%] [32mBuilding CXX object CMakeFiles/cr7_controller.dir/src/cr7_robot_controller.cpp.o[0m
[0.318s] [ 28%] [32mBuilding CXX object CMakeFiles/cr7_controller.dir/src/main.cpp.o[0m
[0.319s] [ 42%] [32mBuilding CXX object CMakeFiles/cr7_controller.dir/src/path/cr7_path_executor.cpp.o[0m
[4.638s] [01m[K/home/xionggu/cx_moveit_test/cx_moveit2/ws_moveit/src/cr7_robot_controller/src/path/cr7_path_executor.cpp:[m[K In member function ‚Äò[01m[Kstd::vector<cr7_controller::CR7BaseController::Result> cr7_controller::CR7PathExecutor::executeToolAxis()[m[K‚Äô:
[4.638s] [01m[K/home/xionggu/cx_moveit_test/cx_moveit2/ws_moveit/src/cr7_robot_controller/src/path/cr7_path_executor.cpp:193:43:[m[K [01;31m[Kerror: [m[Kcould not convert ‚Äò[01m[Kcr7_controller::CR7BaseController::Result::INVALID_INPUT[m[K‚Äô from ‚Äò[01m[Kcr7_controller::CR7BaseController::Result[m[K‚Äô to ‚Äò[01m[Kstd::vector<cr7_controller::CR7BaseController::Result>[m[K‚Äô
[4.638s]   193 |         return CR7BaseController::Result::[01;31m[KINVALID_INPUT[m[K;
[4.638s]       |                                           [01;31m[K^~~~~~~~~~~~~[m[K
[4.638s]       |                                           [01;31m[K|[m[K
[4.638s]       |                                           [01;31m[Kcr7_controller::CR7BaseController::Result[m[K
[4.653s] [01m[K/home/xionggu/cx_moveit_test/cx_moveit2/ws_moveit/src/cr7_robot_controller/src/cr7_robot_controller.cpp:[m[K In member function ‚Äò[01m[Kcr7_controller::CR7BaseController::Result cr7_controller::CR7RobotController::executeToolAxis()[m[K‚Äô:
[4.653s] [01m[K/home/xionggu/cx_moveit_test/cx_moveit2/ws_moveit/src/cr7_robot_controller/src/cr7_robot_controller.cpp:245:43:[m[K [01;31m[Kerror: [m[Kcannot convert ‚Äò[01m[Kstd::vector<cr7_controller::CR7BaseController::Result>[m[K‚Äô to ‚Äò[01m[Kcr7_controller::CR7BaseController::Result[m[K‚Äô in return
[4.653s]   245 |     return [01;31m[Kpath_executor_->executeToolAxis()[m[K;
[4.653s]       |            [01;31m[K~~~~~~~~~~~~~~~~~~~~~~~~~~~~~~~^~[m[K
[4.653s]       |                                           [01;31m[K|[m[K
[4.653s]       |                                           [01;31m[Kstd::vector<cr7_controller::CR7BaseController::Result>[m[K
[6.742s] gmake[2]: *** [CMakeFiles/cr7_controller.dir/build.make:132ÔºöCMakeFiles/cr7_controller.dir/src/path/cr7_path_executor.cpp.o] ÈîôËØØ 1
[6.742s] gmake[2]: *** Ê≠£Âú®Á≠âÂæÖÊú™ÂÆåÊàêÁöÑ‰ªªÂä°....
[6.780s] gmake[2]: *** [CMakeFiles/cr7_controller.dir/build.make:76ÔºöCMakeFiles/cr7_controller.dir/src/cr7_robot_controller.cpp.o] ÈîôËØØ 1
[6.906s] gmake[1]: *** [CMakeFiles/Makefile2:137ÔºöCMakeFiles/cr7_controller.dir/all] ÈîôËØØ 2
[6.907s] gmake: *** [Makefile:146Ôºöall] ÈîôËØØ 2
[6.909s] Invoked command in '/home/xionggu/cx_moveit_test/cx_moveit2/ws_moveit/build/cr7_robot_controller' returned '2': CMAKE_PREFIX_PATH=${CMAKE_PREFIX_PATH}:/home/xionggu/moveit2_ws/install/moveit_configs_utils:/home/xionggu/moveit2_ws/install/launch_param_builder:/home/xionggu/dobot_ws_test/install/servo_action:/home/xionggu/dobot_ws_test/install/dobot_moveit:/home/xionggu/dobot_ws_test/install/dobot_demo:/opt/ros/humble HISTTIMEFORMAT= %F %T /usr/bin/cmake --build /home/xionggu/cx_moveit_test/cx_moveit2/ws_moveit/build/cr7_robot_controller -- -j8 -l8
